This is pdfeTeX, Version 3.141592-1.21a-2.2 (Web2C 7.5.4) (format=latex 2005.9.13)  17 JUL 2008 16:32
entering extended mode
**fem1.tex
(./fem1.tex
LaTeX2e <2003/12/01>
Babel <v3.8d> and hyphenation patterns for american, french, german, ngerman, b
ahasa, basque, bulgarian, catalan, croatian, czech, danish, dutch, esperanto, e
stonian, finnish, greek, icelandic, irish, italian, latin, magyar, norsk, polis
h, portuges, romanian, russian, serbian, slovak, slovene, spanish, swedish, tur
kish, ukrainian, nohyphenation, loaded.
(/usr/share/texmf/tex/latex/base/article.cls
Document Class: article 2004/02/16 v1.4f Standard LaTeX document class
(/usr/share/texmf/tex/latex/base/size12.clo
File: size12.clo 2004/02/16 v1.4f Standard LaTeX file (size option)
)
\c@part=\count79
\c@section=\count80
\c@subsection=\count81
\c@subsubsection=\count82
\c@paragraph=\count83
\c@subparagraph=\count84
\c@figure=\count85
\c@table=\count86
\abovecaptionskip=\skip41
\belowcaptionskip=\skip42
\bibindent=\dimen102
)
(/usr/share/texmf/tex/latex/amsfonts/amssymb.sty
Package: amssymb 2002/01/22 v2.2d

(/usr/share/texmf/tex/latex/amsfonts/amsfonts.sty
Package: amsfonts 2001/10/25 v2.2f
\@emptytoks=\toks14
\symAMSa=\mathgroup4
\symAMSb=\mathgroup5
LaTeX Font Info:    Overwriting math alphabet `\mathfrak' in version `bold'
(Font)                  U/euf/m/n --> U/euf/b/n on input line 132.
))
(/usr/share/texmf/tex/latex/caption/caption.sty
Package: caption 2004/07/16 v3.0c Customising captions (AS)
\captionmargin=\dimen103
\captionwidth=\dimen104
\captionindent=\dimen105
\captionparindent=\dimen106
\captionhangindent=\dimen107

(/usr/share/texmf/tex/latex/graphics/keyval.sty
Package: keyval 1999/03/16 v1.13 key=value parser (DPC)
\KV@toks@=\toks15
))
(/usr/share/texmf/tex/latex/base/inputenc.sty
Package: inputenc 2004/02/05 v1.0d Input encoding file

(/usr/share/texmf/tex/latex/base/latin1.def
File: latin1.def 2004/02/05 v1.0d Input encoding file
))
(/home/dbalzani/tex/styles/defjs1.sty) (/home/dbalzani/tex/styles/psfig.sty
\@unused=\write3

psfig/tex 1.9
\ps@stream=\read1
\p@intvaluex=\dimen108
\p@intvaluey=\dimen109
) (/usr/share/texmf/tex/latex/psfrag/psfrag.sty
Package: psfrag 1998/04/11 v3.04 PSfrag (MCG)

(/usr/share/texmf/tex/latex/graphics/graphics.sty
Package: graphics 2001/07/07 v1.0n Standard LaTeX Graphics (DPC,SPQR)

(/usr/share/texmf/tex/latex/graphics/trig.sty
Package: trig 1999/03/16 v1.09 sin cos tan (DPC)
)
(/usr/share/texmf/tex/latex/graphics/graphics.cfg
File: graphics.cfg 2005/02/03 v1.3 graphics configuration of teTeX/TeXLive
)
Package graphics Info: Driver file: dvips.def on input line 80.

(/usr/share/texmf/tex/latex/graphics/dvips.def
File: dvips.def 1999/02/16 v3.0i Driver-dependant file (DPC,SPQR)
))
\pfg@pcount=\count87
\pfg@scount=\count88
\pfg@temp=\write4
)
(/usr/share/texmf/tex/latex/base/latexsym.sty
Package: latexsym 1998/08/17 v2.2e Standard LaTeX package (lasy symbols)
\symlasy=\mathgroup6
LaTeX Font Info:    Overwriting symbol font `lasy' in version `bold'
(Font)                  U/lasy/m/n --> U/lasy/b/n on input line 47.
)
(/usr/share/texmf/tex/latex/graphics/graphicx.sty
Package: graphicx 1999/02/16 v1.0f Enhanced LaTeX Graphics (DPC,SPQR)
\Gin@req@height=\dimen110
\Gin@req@width=\dimen111
)
(/usr/share/texmf/tex/latex/tools/multicol.sty
Package: multicol 2004/02/14 v1.6e multicolumn formatting (FMi)
\c@tracingmulticols=\count89
\mult@box=\box26
\multicol@leftmargin=\dimen112
\c@unbalance=\count90
\c@collectmore=\count91
\doublecol@number=\count92
\multicoltolerance=\count93
\multicolpretolerance=\count94
\full@width=\dimen113
\page@free=\dimen114
\premulticols=\dimen115
\postmulticols=\dimen116
\multicolsep=\skip43
\multicolbaselineskip=\skip44
\partial@page=\box27
\last@line=\box28
\mult@rightbox=\box29
\mult@grightbox=\box30
\mult@gfirstbox=\box31
\mult@firstbox=\box32
\@tempa=\box33
\@tempa=\box34
\@tempa=\box35
\@tempa=\box36
\@tempa=\box37
\@tempa=\box38
\@tempa=\box39
\@tempa=\box40
\@tempa=\box41
\@tempa=\box42
\@tempa=\box43
\@tempa=\box44
\@tempa=\box45
\@tempa=\box46
\@tempa=\box47
\@tempa=\box48
\@tempa=\box49
\c@columnbadness=\count95
\c@finalcolumnbadness=\count96
\last@try=\dimen117
\multicolovershoot=\dimen118
\multicolundershoot=\dimen119
\mult@nat@firstbox=\box50
\colbreak@box=\box51
)
(/usr/share/texmf/tex/latex/graphics/color.sty
Package: color 1999/02/16 v1.0i Standard LaTeX Color (DPC)

(/usr/share/texmf/tex/latex/graphics/color.cfg
File: color.cfg 2005/02/03 v1.3 color configuration of teTeX/TeXLive
)
Package color Info: Driver file: dvips.def on input line 125.

(/usr/share/texmf/tex/latex/graphics/dvipsnam.def
File: dvipsnam.def 1999/02/16 v3.0i Driver-dependant file (DPC,SPQR)
))
(/usr/share/texmf/tex/latex/base/ifthen.sty
Package: ifthen 2001/05/26 v1.1c Standard LaTeX ifthen package (DPC)
)
(/usr/share/texmf/tex/latex/fancyhdr/fancyhdr.sty
\fancy@headwidth=\skip45
\f@ncyO@elh=\skip46
\f@ncyO@erh=\skip47
\f@ncyO@olh=\skip48
\f@ncyO@orh=\skip49
\f@ncyO@elf=\skip50
\f@ncyO@erf=\skip51
\f@ncyO@olf=\skip52
\f@ncyO@orf=\skip53
)
(/usr/share/texmf/tex/latex/base/fontenc.sty
Package: fontenc 2004/02/22 v1.99f Standard LaTeX package

(/usr/share/texmf/tex/latex/base/t1enc.def
File: t1enc.def 2004/02/22 v1.99f Standard LaTeX file
LaTeX Font Info:    Redeclaring font encoding T1 on input line 43.
))
(/usr/share/texmf/tex/latex/graphics/epsfig.sty
Package: epsfig 1999/02/16 v1.7a (e)psfig emulation (SPQR)
\epsfxsize=\dimen120
\epsfysize=\dimen121
)
(/usr/share/texmf/tex/latex/bbm/bbm.sty
Package: bbm 1999/03/15 V 1.2 provides fonts for set symbols - TH
LaTeX Font Info:    Overwriting math alphabet `\mathbbm' in version `bold'
(Font)                  U/bbm/m/n --> U/bbm/bx/n on input line 33.
LaTeX Font Info:    Overwriting math alphabet `\mathbbmss' in version `bold'
(Font)                  U/bbmss/m/n --> U/bbmss/bx/n on input line 35.
)
(/usr/share/texmf/tex/generic/xypic/xy.sty
(/usr/share/texmf/tex/generic/xypic/xy.tex Bootstrap'ing: catcodes, docmode,
(/usr/share/texmf/tex/generic/xypic/xyrecat.tex)
(/usr/share/texmf/tex/generic/xypic/xyidioms.tex)

 Xy-pic version 3.7 <1999/02/16>
 Copyright (c) 1991-1998 by Kristoffer H. Rose <krisrose@ens-lyon.fr>
 Xy-pic is free software: see the User's Guide for details.

Loading kernel: messages; fonts; allocations: state,
\X@c=\dimen122
\Y@c=\dimen123
\U@c=\dimen124
\D@c=\dimen125
\L@c=\dimen126
\R@c=\dimen127
\Edge@c=\toks16
\X@p=\dimen128
\Y@p=\dimen129
\U@p=\dimen130
\D@p=\dimen131
\L@p=\dimen132
\R@p=\dimen133
\Edge@p=\toks17
\X@origin=\dimen134
\Y@origin=\dimen135
\X@xbase=\dimen136
\Y@xbase=\dimen137
\X@ybase=\dimen138
\Y@ybase=\dimen139
\X@min=\dimen140
\Y@min=\dimen141
\X@max=\dimen142
\Y@max=\dimen143
\lastobjectbox@=\box52
\zerodotbox@=\box53
\almostz@=\dimen144
 direction,
\d@X=\dimen145
\d@Y=\dimen146
\K@=\count97
\KK@=\count98
\Direction=\count99
\K@dXdY=\dimen147
\K@dYdX=\dimen148
\xyread@=\read2
\xywrite@=\write5
\csp@=\count100
\quotPTK@=\dimen149

utility macros; pictures: \xy, positions,
\swaptoks@@=\toks18
\connectobjectbox@@=\box54
 objects,
\styletoks@=\toks19
 decorations;
kernel objects: directionals, circles, text; options; algorithms: directions,
edges, connections;  Xy-pic loaded)
Package: xy 1999/02/16 Xy-pic version 3.7

(/usr/share/texmf/tex/generic/xypic/xyall.tex
 Xy-pic option: All features v.3.3
(/usr/share/texmf/tex/generic/xypic/xycurve.tex
 Xy-pic option: Curve and Spline extension v.3.7 curve,
\crv@cnt@=\count101
\crvpts@=\toks20
\splinebox@=\box55
\splineval@=\dimen150
\splinedepth@=\dimen151
\splinetol@=\dimen152
\splinelength@=\dimen153
 circles,
\L@=\dimen154
 loaded)
(/usr/share/texmf/tex/generic/xypic/xyframe.tex
 Xy-pic option: Frame and Bracket extension v.3.7 loaded)
(/usr/share/texmf/tex/generic/xypic/xycmtip.tex
 Xy-pic option: Computer Modern tip extension v.3.3
(/usr/share/texmf/tex/generic/xypic/xytips.tex
 Xy-pic option: More Tips extension v.3.3 loaded) loaded)
(/usr/share/texmf/tex/generic/xypic/xyline.tex
 Xy-pic option: Line styles extension v.3.6
\xylinethick@=\dimen155
 loaded)
(/usr/share/texmf/tex/generic/xypic/xyrotate.tex
 Xy-pic option: Rotate and Scale extension v.3.3 loaded)
(/usr/share/texmf/tex/generic/xypic/xycolor.tex
 Xy-pic option: Colour extension v.3.3 loaded)
(/usr/share/texmf/tex/generic/xypic/xymatrix.tex
 Xy-pic option: Matrix feature v.3.4
\Row=\count102
\Col=\count103
\queue@=\toks21
\queue@@=\toks22
\qcount@=\count104
\qcount@@=\count105
\matrixsize@=\count106
 loaded)
(/usr/share/texmf/tex/generic/xypic/xyarrow.tex
 Xy-pic option: Arrow and Path feature v.3.5 path, \ar, loaded)
(/usr/share/texmf/tex/generic/xypic/xygraph.tex
 Xy-pic option: Graph feature v.3.7 loaded) loaded))
(/usr/share/texmf/tex/latex/rotating/rotating.sty
Package: rotating 1997/09/26 v2.13 Rotation package
\c@r@tfl@t=\count107
\rot@float@box=\box56
)
(/usr/share/texmf/tex/latex/carlisle/colortbl.sty
Package: colortbl 2001/02/13 v0.1j Color table columns (DPC)

(/usr/share/texmf/tex/latex/tools/array.sty
Package: array 2003/12/17 v2.4a Tabular extension package (FMi)
\col@sep=\dimen156
\extrarowheight=\dimen157
\NC@list=\toks23
\extratabsurround=\skip54
\backup@length=\skip55
)
\everycr=\toks24
\minrowclearance=\skip56
)
(/usr/share/texmf/tex/latex/slashbox/slashbox.sty
slashbox style by K.Yasuoka, May 1993.
\@slashboxa=\box57
\@slashboxb=\box58
\@slashboxc=\box59
\@slashboxwd=\count108
\@slashboxht=\count109
\@slashsepl=\dimen158
\@slashsepr=\dimen159
) (/usr/share/texmf/tex/latex/base/alltt.sty
Package: alltt 1997/06/16 v2.0g defines alltt environment
)
(/usr/share/texmf/tex/latex/multirow/multirow.sty
\bigstrutjot=\dimen160
) (./fem1.aux)
\openout1 = `fem1.aux'.

LaTeX Font Info:    Checking defaults for OML/cmm/m/it on input line 312.
LaTeX Font Info:    ... okay on input line 312.
LaTeX Font Info:    Checking defaults for T1/cmr/m/n on input line 312.
LaTeX Font Info:    ... okay on input line 312.
LaTeX Font Info:    Checking defaults for OT1/cmr/m/n on input line 312.
LaTeX Font Info:    ... okay on input line 312.
LaTeX Font Info:    Checking defaults for OMS/cmsy/m/n on input line 312.
LaTeX Font Info:    ... okay on input line 312.
LaTeX Font Info:    Checking defaults for OMX/cmex/m/n on input line 312.
LaTeX Font Info:    ... okay on input line 312.
LaTeX Font Info:    Checking defaults for U/cmr/m/n on input line 312.
LaTeX Font Info:    ... okay on input line 312.

(/usr/share/texmf/tex/latex/ms/ragged2e.sty
Package: ragged2e 2003/03/25 v2.04 ragged2e Package (MS)

(/usr/share/texmf/tex/latex/ms/everysel.sty
Package: everysel 1999/06/08 v1.03 EverySelectfont Package (MS)
LaTeX Info: Redefining \selectfont on input line 125.
)
\CenteringLeftskip=\skip57
\RaggedLeftLeftskip=\skip58
\RaggedRightLeftskip=\skip59
\CenteringRightskip=\skip60
\RaggedLeftRightskip=\skip61
\RaggedRightRightskip=\skip62
\CenteringParfillskip=\skip63
\RaggedLeftParfillskip=\skip64
\RaggedRightParfillskip=\skip65
\JustifyingParfillskip=\skip66
\CenteringParindent=\skip67
\RaggedLeftParindent=\skip68
\RaggedRightParindent=\skip69
\JustifyingParindent=\skip70
)
Package caption Info: rotating package v2.0 (or newer) detected on input line 3
12.
 (./title/sec.tex
File: penrose_color.eps Graphic file (type eps)

<penrose_color.eps> [1

]) (./fem1.toc
LaTeX Font Info:    Try loading font information for U+msa on input line 4.

(/usr/share/texmf/tex/latex/amsfonts/umsa.fd
File: umsa.fd 2002/01/19 v2.2g AMS font definitions
)
LaTeX Font Info:    Try loading font information for U+msb on input line 4.

(/usr/share/texmf/tex/latex/amsfonts/umsb.fd
File: umsb.fd 2002/01/19 v2.2g AMS font definitions
)
LaTeX Font Info:    Try loading font information for U+lasy on input line 4.

(/usr/share/texmf/tex/latex/base/ulasy.fd
File: ulasy.fd 1998/08/17 v2.2e LaTeX symbol font definitions
) [1])
\tf@toc=\write6
\openout6 = `fem1.toc'.

 [2]
(./sec1_introduction/sec.tex
LaTeX Font Info:    Try loading font information for OMS+cmr on input line 41.
 (/usr/share/texmf/tex/latex/base/omscmr.fd
File: omscmr.fd 1999/05/25 v2.5h Standard LaTeX font definitions
)
LaTeX Font Info:    Font shape `OMS/cmr/m/n' in size <12> not available
(Font)              Font shape `OMS/cmsy/m/n' tried instead on input line 41.
)
[1] (./sec2_classification/sec.tex
LaTeX Font Info:    Font shape `U/lasy/b/n' in size <8> not available
(Font)              Font shape `U/lasy/m/n' tried instead on input line 14.
LaTeX Font Info:    Font shape `U/lasy/b/n' in size <6> not available
(Font)              Font shape `U/lasy/m/n' tried instead on input line 14.
 [2] [3]) [4] (./sec3_fdm/sec.tex
(./sec3_fdm/fig303.pstex_t
File: sec3_fdm/fig303.pstex Graphic file (type eps)
 <sec3_fdm/fig303.pstex>) [5]
(./sec3_fdm/fig3_06.pstex_t
File: sec3_fdm/fig3_06.pstex Graphic file (type eps)
 <sec3_fdm/fig3_06.pstex>
LaTeX Font Info:    Calculating math sizes for size <11> on input line 17.


LaTeX Font Warning: Font shape `OT1/cmr/m/n' in size <5.5> not available
(Font)              size <5> substituted on input line 17.


LaTeX Font Warning: Font shape `OML/cmm/m/it' in size <5.5> not available
(Font)              size <5> substituted on input line 17.


LaTeX Font Warning: Font shape `OMS/cmsy/m/n' in size <5.5> not available
(Font)              size <5> substituted on input line 17.


LaTeX Font Warning: Font shape `OT1/cmr/bx/n' in size <5.5> not available
(Font)              size <5> substituted on input line 17.


LaTeX Font Warning: Font shape `U/msa/m/n' in size <5.5> not available
(Font)              size <5> substituted on input line 17.


LaTeX Font Warning: Font shape `U/msb/m/n' in size <5.5> not available
(Font)              size <5> substituted on input line 17.


LaTeX Font Warning: Font shape `U/lasy/m/n' in size <5.5> not available
(Font)              size <5> substituted on input line 17.

) [6]
File: sec3_fdm/diffquo1d.eps Graphic file (type eps)
 <sec3_fdm/diffquo1d.eps> [7] (./sec3_fdm/fig302.pstex_t
File: sec3_fdm/fig302.pstex Graphic file (type eps)

<sec3_fdm/fig302.pstex>) (./sec3_fdm/fig303.pstex_t
File: sec3_fdm/fig303.pstex Graphic file (type eps)
 <sec3_fdm/fig303.pstex>)
[8

] [9] (./sec3_fdm/beispiel1.pstex_t
File: sec3_fdm/beispiel1.pstex Graphic file (type eps)
 <sec3_fdm/beispiel1.pstex>)
LaTeX Font Info:    Try loading font information for T1+cmtt on input line 435.


(/usr/share/texmf/tex/latex/base/t1cmtt.fd
File: t1cmtt.fd 1999/05/25 v2.5h Standard LaTeX font definitions
) [10

] [11] [12] [13] [14]
(./sec3_fdm/fig3_01.pstex_t
File: sec3_fdm/fig3_01.pstex Graphic file (type eps)
 <sec3_fdm/fig3_01.pstex>)
Underfull \hbox (badness 10000) in paragraph at lines 930--935
[][]
 []


Underfull \hbox (badness 10000) in paragraph at lines 930--935

 []

[15] [16] (./sec3_fdm/fig308.pstex_t
File: sec3_fdm/fig308.pstex Graphic file (type eps)
 <sec3_fdm/fig308.pstex>)
(./sec3_fdm/fig307.pstex_t
File: sec3_fdm/fig307.pstex Graphic file (type eps)
 <sec3_fdm/fig307.pstex>) [17] [18]
Underfull \vbox (badness 10000) has occurred while \output is active []

 [19])
[20] (./sec4_calculus_of_variations/sec.tex
(./sec4_calculus_of_variations/fig2_01.pstex_t
File: ./sec4_calculus_of_variations/fig2_01.pstex Graphic file (type eps)

<./sec4_calculus_of_variations/fig2_01.pstex>) [21] [22] [23

]
(./sec4_calculus_of_variations/ten092.pstex_t
File: ./sec4_calculus_of_variations/ten092.pstex Graphic file (type eps)

<./sec4_calculus_of_variations/ten092.pstex>) [24] [25]
(./sec4_calculus_of_variations/ten093.pstex_t
File: ./sec4_calculus_of_variations/ten093.pstex Graphic file (type eps)

<./sec4_calculus_of_variations/ten093.pstex>) [26

]
Underfull \hbox (badness 10000) in paragraph at lines 510--514
[]|\T1/cmr/m/n/12 These are mixed bound-ary con-di-tions,
 []


Underfull \hbox (badness 10000) in paragraph at lines 510--514
\T1/cmr/m/n/12 Robin/Cauchy-type bound-ary con-di-tion; they
 []

(./sec4_calculus_of_variations/fig2_04.pstex_t
File: ./sec4_calculus_of_variations/fig2_04.pstex Graphic file (type eps)

<./sec4_calculus_of_variations/fig2_04.pstex>) [27] [28] [29

] [30] [31]
(./sec4_calculus_of_variations/ten101.pstex_t
File: ./sec4_calculus_of_variations/ten101.pstex Graphic file (type eps)

<./sec4_calculus_of_variations/ten101.pstex>) [32] [33] [34]
(./sec4_calculus_of_variations/ten104.pstex_t
File: ./sec4_calculus_of_variations/ten104.pstex Graphic file (type eps)

<./sec4_calculus_of_variations/ten104.pstex>)
(./sec4_calculus_of_variations/fig4_06.pstex_t
File: ./sec4_calculus_of_variations/fig4_06.pstex Graphic file (type eps)

<./sec4_calculus_of_variations/fig4_06.pstex>) [35

] [36]
(./sec4_calculus_of_variations/ten102.pstex_t
File: ./sec4_calculus_of_variations/ten102.pstex Graphic file (type eps)

<./sec4_calculus_of_variations/ten102.pstex>) [37]) [38] (./sec5_matlab/sec.tex
[39]
File: sec5_matlab/matlab_gui.eps Graphic file (type eps)
 <sec5_matlab/matlab_gui.eps> [40

]
File: sec5_matlab/matlab_editor.eps Graphic file (type eps)
 <sec5_matlab/matlab_editor.eps>
File: sec5_matlab/matlab_fig.eps Graphic file (type eps)

<sec5_matlab/matlab_fig.eps> [41

]
Underfull \hbox (badness 10000) in paragraph at lines 98--106

 []


Underfull \hbox (badness 10000) in paragraph at lines 108--109

 []


Underfull \hbox (badness 10000) in paragraph at lines 154--166

 []


Underfull \hbox (badness 10000) in paragraph at lines 167--178

 []

[42

]
Overfull \hbox (66.61325pt too wide) in paragraph at lines 206--206
[]\T1/cmtt/m/n/10.95 >> y1 = 2^2+log(pi)*sin(0.75*pi/2)+sqrt(exp(2*pi/3))[] 
 []


Overfull \hbox (2.61049pt too wide) in paragraph at lines 233--274
[]  [] 
 []

[43]
Overfull \hbox (2.61049pt too wide) in paragraph at lines 311--349
[]  [] 
 []

[44] [45

] [46

]
Underfull \hbox (badness 10000) in paragraph at lines 507--520

 []


Overfull \hbox (3.13959pt too wide) in paragraph at lines 533--533
[]\T1/cmtt/m/n/10.95 >> plot(t,(sin(t-pi/2)),'linestyle','--',...[] 
 []

File: sec5_matlab/plot_example.eps Graphic file (type eps)
<sec5_matlab/plot_example.eps>
Underfull \hbox (badness 10000) in paragraph at lines 521--540

 []


Underfull \vbox (badness 10000) has occurred while \output is active []

 [47]
(./sec5_matlab/bild1020.pstex_t
File: sec5_matlab/bild1020.pstex Graphic file (type eps)
 <sec5_matlab/bild1020.pstex>) [48]
Underfull \hbox (badness 10000) in paragraph at lines 598--599

 []

(./sec5_matlab/rotating_cantilever.m [49

])
(./sec5_matlab/rotating_cantilever_with_function_(new_parts).m)
(./sec5_matlab/frotation_z.m)) [50] (./sec6_chfoundFEM.tex
(./figfoundFEM/bild833.pstex_t
File: ./figfoundFEM/bild833.pstex Graphic file (type eps)
 <./figfoundFEM/bild833.pstex>)
Underfull \hbox (badness 5008) in paragraph at lines 59--61
[]\T1/cmr/m/n/12 approximation of the ba-sic field vari-ables (e.g. displacemen
t-, pressure-,
 []

[51] (./figfoundFEM/ten052.pstex_t
File: ./figfoundFEM/ten052.pstex Graphic file (type eps)
 <./figfoundFEM/ten052.pstex>) [52]
(./figfoundFEM/bild835.pstex_t
File: ./figfoundFEM/bild835.pstex Graphic file (type eps)
 <./figfoundFEM/bild835.pstex>)
(./figfoundFEM/ten077.pstex_t
File: ./figfoundFEM/ten077.pstex Graphic file (type eps)
 <./figfoundFEM/ten077.pstex>) [53] [54]
(./figfoundFEM/ten085.pstex_t
File: ./figfoundFEM/ten085.pstex Graphic file (type eps)
 <./figfoundFEM/ten085.pstex>)
Underfull \hbox (badness 10000) in paragraph at lines 370--374

 []

Package color Info: Redefining color Gray on input line 375.

Underfull \hbox (badness 10000) in paragraph at lines 402--411

 []

[55] [56] (./figfoundFEM/ten078.pstex_t
File: ./figfoundFEM/ten078.pstex Graphic file (type eps)
 <./figfoundFEM/ten078.pstex>) [57]
Package color Info: Redefining color Gray on input line 703.
Package color Info: Redefining color Gray on input line 756.

[58]
Overfull \hbox (9.38441pt too wide) in paragraph at lines 818--818
[]|$[]$|  
 []


Overfull \hbox (9.38441pt too wide) in paragraph at lines 866--866
[]|$[]$|  
 []

[59] [60] [61] (./code/Ristikko_S/PlaneTruss.m [62

])
Underfull \vbox (badness 10000) has occurred while \output is active []

 [63]
(./figfoundFEM/ten083.pstex_t
File: ./figfoundFEM/ten083.pstex Graphic file (type eps)
 <./figfoundFEM/ten083.pstex>)
Underfull \hbox (badness 10000) in paragraph at lines 969--969
[]|\T1/cmr/m/n/12 Figure 28: In-ter-pre-ta-tion of the vari-ables oc-cur-ing in
 the sub-rou-tine
 []

(./code/Ristikko_S/PlaneTrussElementStiffness.m
Overfull \hbox (299.73277pt too wide) in paragraph at lines 20--20
[]\T1/cmtt/m/n/10.95 function y = PlaneTrussElementStiffness(E,A,node_i,node_j)
[] 
 []


Overfull \hbox (361.97485pt too wide) in paragraph at lines 20--20
[]\T1/cmtt/m/n/10.95 %-compute element stiffnes matrix-------------------------
-----------[] 
 []


Overfull \hbox (333.683pt too wide) in paragraph at lines 20--20
[]\T1/cmtt/m/n/10.95 L = sqrt((node_j(1) - node_i(1))^2 + (node_j(2) - node_i(2
))^2);[] 
 []


Overfull \hbox (113.00653pt too wide) in paragraph at lines 20--20
[]\T1/cmtt/m/n/10.95 if node_j(1) == node_i(1)[] 
 []


Overfull \hbox (129.98164pt too wide) in paragraph at lines 20--20
[]    \T1/cmtt/m/n/10.95 if node_i(2) > node_j(2)[] 
 []


Overfull \hbox (96.03142pt too wide) in paragraph at lines 20--20
[]        \T1/cmtt/m/n/10.95 alpha = -pi/2;[] 
 []


Overfull \hbox (152.61513pt too wide) in paragraph at lines 20--20
[]    \T1/cmtt/m/n/10.95 elseif node_i(2) < node_j(2)[] 
 []


Overfull \hbox (90.37305pt too wide) in paragraph at lines 20--20
[]        \T1/cmtt/m/n/10.95 alpha = pi/2;[] 
 []


Overfull \hbox (11.15585pt too wide) in paragraph at lines 20--20
[]    \T1/cmtt/m/n/10.95 end[] 
 []


Overfull \hbox (344.99974pt too wide) in paragraph at lines 20--20
[]    \T1/cmtt/m/n/10.95 alpha = atan((node_j(2) - node_i(2))/(node_j(1) - node
_i(1)));[] 
 []


Overfull \hbox (56.42282pt too wide) in paragraph at lines 20--20
[]\T1/cmtt/m/n/10.95 C = cos(alpha);[] 
 []


Overfull \hbox (56.42282pt too wide) in paragraph at lines 20--20
[]\T1/cmtt/m/n/10.95 S = sin(alpha);[] 
 []


Overfull \hbox (152.61513pt too wide) in paragraph at lines 20--20
[]\T1/cmtt/m/n/10.95 y = E*A/L*[ C*C  C*S -C*C -C*S ;[] 
 []


Overfull \hbox (152.61513pt too wide) in paragraph at lines 20--20
[]            \T1/cmtt/m/n/10.95 C*S  S*S -C*S -S*S ;[] 
 []


Overfull \hbox (152.61513pt too wide) in paragraph at lines 20--20
[]           \T1/cmtt/m/n/10.95 -C*C -C*S  C*C  C*S ;[] 
 []


Overfull \hbox (158.2735pt too wide) in paragraph at lines 20--20
[]           \T1/cmtt/m/n/10.95 -C*S -S*S  C*S  S*S ];[] 
 []

) (./code/Ristikko_S/PlaneTrussAssemble.m
Underfull \hbox (badness 10000) in paragraph at lines 996--1

 []

[64]) (./code/Ristikko_S/Assemble1.m) (./code/Ristikko_S/Assemble2.m)
(./code/Ristikko_S/Assemble3.m [65]) (./code/Ristikko_S/Assemble4.m) [66]
(./figfoundFEM/ten086.pstex_t
File: ./figfoundFEM/ten086.pstex Graphic file (type eps)
 <./figfoundFEM/ten086.pstex>)
(./figfoundFEM/ten087.pstex_t
File: ./figfoundFEM/ten087.pstex Graphic file (type eps)
 <./figfoundFEM/ten087.pstex>)
Package color Info: Redefining color Gray on input line 1056.
 [67

] [68]
(./figfoundFEM/ten089.pstex_t
File: ./figfoundFEM/ten089.pstex Graphic file (type eps)
 <./figfoundFEM/ten089.pstex>)
Underfull \hbox (badness 10000) in paragraph at lines 1262--1265

 []

[69] (./figfoundFEM/ten082.pstex_t
File: ./figfoundFEM/ten082.pstex Graphic file (type eps)
 <./figfoundFEM/ten082.pstex>)
(./figfoundFEM/ten084.pstex_t
File: ./figfoundFEM/ten084.pstex Graphic file (type eps)
 <./figfoundFEM/ten084.pstex>) [70]
(./figuresdaba/bild760.pstex_t
File: ./figuresdaba/bild760.pstex Graphic file (type eps)
 <./figuresdaba/bild760.pstex>) [71] [72]
[73] (./figuresdaba/fig5_06.pstex_t
File: ./figuresdaba/fig5_06.pstex Graphic file (type eps)
 <./figuresdaba/fig5_06.pstex>) [74]
[75] (./figuresdaba/fig48.pstex_t
File: ./figuresdaba/fig48.pstex Graphic file (type eps)
 <./figuresdaba/fig48.pstex>) [76]
File: ./shapefunctions/shape_triangle_N1_final.eps Graphic file (type eps)

<./shapefunctions/shape_triangle_N1_final.eps>
File: ./shapefunctions/shape_triangle_N4_final.eps Graphic file (type eps)

<./shapefunctions/shape_triangle_N4_final.eps>
Underfull \hbox (badness 10000) in paragraph at lines 2022--2024
[][]
 []


Underfull \hbox (badness 10000) in paragraph at lines 2022--2024

 []

[77] [78] [79] (./figuresdaba/fig50a.pstex_t
File: ./figuresdaba/fig50a.pstex Graphic file (type eps)
 <./figuresdaba/fig50a.pstex>)
[80] [81] (./figuresdaba/ten079a.pstex_t
File: ./figuresdaba/ten079a.pstex Graphic file (type eps)
 <./figuresdaba/ten079a.pstex>)
[82

] [83] (./figuresdaba/ten055.pstex_t
File: ./figuresdaba/ten055.pstex Graphic file (type eps)
 <./figuresdaba/ten055.pstex>) [84]
[85] [86]
Overfull \hbox (25.93565pt too wide) in paragraph at lines 3390--3438
[][]
 []

(./figures/bild789.pstex_t
File: ./figures/bild789.pstex Graphic file (type eps)
 <./figures/bild789.pstex>)
(./figures/bild786.pstex_t
File: ./figures/bild786.pstex Graphic file (type eps)
 <./figures/bild786.pstex>)
(./figures/bild785.pstex_t
File: ./figures/bild785.pstex Graphic file (type eps)
 <./figures/bild785.pstex>) [87

] [88

]) [89

]
(./sec6_6_quadrilateral_element/sec.tex
(./sec6_6_quadrilateral_element/fig5_04.pstex_t
File: sec6_6_quadrilateral_element/fig5_04.pstex Graphic file (type eps)

<sec6_6_quadrilateral_element/fig5_04.pstex>) [90] [91]
(./sec6_6_quadrilateral_element/fig5_7.pstex_t
File: sec6_6_quadrilateral_element/fig5_7.pstex Graphic file (type eps)

<sec6_6_quadrilateral_element/fig5_7.pstex>

LaTeX Font Warning: Font shape `OT1/cmtt/m/n' in size <5.5> not available
(Font)              size <5> substituted on input line 22.


LaTeX Font Warning: Font shape `OML/cmm/b/it' in size <5.5> not available
(Font)              size <5> substituted on input line 32.


LaTeX Font Warning: Font shape `OMS/cmsy/b/n' in size <5.5> not available
(Font)              size <5> substituted on input line 32.

LaTeX Font Info:    Font shape `U/lasy/b/n' in size <7.69997> not available
(Font)              Font shape `U/lasy/m/n' tried instead on input line 32.
LaTeX Font Info:    Font shape `U/lasy/b/n' in size <5.5> not available
(Font)              Font shape `U/lasy/m/n' tried instead on input line 32.

LaTeX Font Warning: Font shape `U/lasy/m/n' in size <5.5> not available
(Font)              size <5> substituted on input line 32.

) (./sec6_6_quadrilateral_element/ansatz_nen4.pstex_t
File: sec6_6_quadrilateral_element/ansatz_nen4.pstex Graphic file (type eps)

<sec6_6_quadrilateral_element/ansatz_nen4.pstex>) [92] [93] [94]) [95]
(./sec6_7_beam_element/sec.tex (./sec6_7_beam_element/figbiege1.pstex_t
File: sec6_7_beam_element/figbiege1.pstex Graphic file (type eps)

<sec6_7_beam_element/figbiege1.pstex>) [96]
(./sec6_7_beam_element/fig3_04.pstex_t
File: sec6_7_beam_element/fig3_04.pstex Graphic file (type eps)
 <sec6_7_beam_element/fig3_04.pstex>)
[97] (./sec6_7_beam_element/fig3_05.pstex_t
File: sec6_7_beam_element/fig3_05.pstex Graphic file (type eps)

<sec6_7_beam_element/fig3_05.pstex>) [98]
File: sec6_7_beam_element/herm3.eps Graphic file (type eps)
 <sec6_7_beam_element/herm3.eps>
File: sec6_7_beam_element/herm1.eps Graphic file (type eps)

<sec6_7_beam_element/herm1.eps>
File: sec6_7_beam_element/herm4.eps Graphic file (type eps)
 <sec6_7_beam_element/herm4.eps>
File: sec6_7_beam_element/herm2.eps Graphic file (type eps)

<sec6_7_beam_element/herm2.eps> [99] [100]
(./sec6_7_beam_element/fig5_10.pstex_t
File: sec6_7_beam_element/fig5_10.pstex Graphic file (type eps)
 <sec6_7_beam_element/fig5_10.pstex>)
[101] (./sec6_7_beam_element/fig5_11.pstex_t
File: sec6_7_beam_element/fig5_11.pstex Graphic file (type eps)

<sec6_7_beam_element/fig5_11.pstex>) (./sec6_7_beam_element/fig5_12.pstex_t
File: sec6_7_beam_element/fig5_12.pstex Graphic file (type eps)

<sec6_7_beam_element/fig5_12.pstex>) [102] [103]
(./sec6_7_beam_element/fig5_13.pstex_t
File: sec6_7_beam_element/fig5_13.pstex Graphic file (type eps)
 <sec6_7_beam_element/fig5_13.pstex>)
[104] [105]
Underfull \vbox (badness 10000) has occurred while \output is active []

 [106]
Overfull \hbox (14.40071pt too wide) in paragraph at lines 816--816
[]\T1/cmtt/m/n/10.95 c.... Output instructions, internal force variables (at jo
ints) in the output file,[] 
 []


Underfull \vbox (badness 10000) has occurred while \output is active []

 [107]
Underfull \vbox (badness 10000) has occurred while \output is active []

 [108])
[109] (./sec6_8_plate_element/sec.tex (./sec6_8_plate_element/fig57.pstex_t
File: sec6_8_plate_element/fig57.pstex Graphic file (type eps)

<sec6_8_plate_element/fig57.pstex>) (./sec6_8_plate_element/fig59.pstex_t
File: sec6_8_plate_element/fig59.pstex Graphic file (type eps)

<sec6_8_plate_element/fig59.pstex>) (./sec6_8_plate_element/fig58.pstex_t
File: sec6_8_plate_element/fig58.pstex Graphic file (type eps)

<sec6_8_plate_element/fig58.pstex>) [110] [111] [112] [113] [114]) [115]
(./sec6_9_axissymmetric_shell_element/sec.tex
(./sec6_9_axissymmetric_shell_element/figschale1.pstex_t
File: sec6_9_axissymmetric_shell_element/figschale1.pstex Graphic file (type ep
s)

<sec6_9_axissymmetric_shell_element/figschale1.pstex>)
(./sec6_9_axissymmetric_shell_element/figschale2a.pstex_t
File: sec6_9_axissymmetric_shell_element/figschale2a.pstex Graphic file (type e
ps)

<sec6_9_axissymmetric_shell_element/figschale2a.pstex>)
(./sec6_9_axissymmetric_shell_element/figschale2.pstex_t
File: sec6_9_axissymmetric_shell_element/figschale2.pstex Graphic file (type ep
s)

<sec6_9_axissymmetric_shell_element/figschale2.pstex>)
(./sec6_9_axissymmetric_shell_element/figschale4.pstex_t
File: sec6_9_axissymmetric_shell_element/figschale4.pstex Graphic file (type ep
s)

<sec6_9_axissymmetric_shell_element/figschale4.pstex>) [116] [117] [118]
[119] (./sec6_9_axissymmetric_shell_element/figschale3a.pstex_t
File: sec6_9_axissymmetric_shell_element/figschale3a.pstex Graphic file (type e
ps)

<sec6_9_axissymmetric_shell_element/figschale3a.pstex>) [120]
Overfull \hbox (4.07225pt too wide) in alignment at lines 499--534
 [][][] []
 []

[121] [122] (./sec6_9_axissymmetric_shell_element/wasserbehaelter.pstex_t
File: sec6_9_axissymmetric_shell_element/wasserbehaelter.pstex Graphic file (ty
pe eps)

<sec6_9_axissymmetric_shell_element/wasserbehaelter.pstex>)
File: sec6_9_axissymmetric_shell_element/zyl.eps Graphic file (type eps)

<sec6_9_axissymmetric_shell_element/zyl.eps> [123] [124]
Underfull \vbox (badness 10000) has occurred while \output is active []

 [125

]
Underfull \vbox (badness 10000) has occurred while \output is active []

 [126]
Underfull \vbox (badness 10000) has occurred while \output is active []

 [127]
Underfull \vbox (badness 10000) has occurred while \output is active []

 [128]
Underfull \vbox (badness 10000) has occurred while \output is active []

 [129]
Underfull \vbox (badness 10000) has occurred while \output is active []

 [130])
[131] (./fem1.bbl) [132] (./fem1.aux)

LaTeX Font Warning: Size substitutions with differences
(Font)              up to 0.5pt have occurred.

 ) 
Here is how much of TeX's memory you used:
 5830 strings out of 94500
 74698 string characters out of 1172833
 170281 words of memory out of 3500000
 8583 multiletter control sequences out of 10000+50000
 34253 words of font info for 108 fonts, out of 500000 for 2000
 582 hyphenation exceptions out of 1000
 34i,24n,43p,432b,405s stack positions out of 1500i,500n,5000p,200000b,5000s

Output written on fem1.dvi (135 pages, 512116 bytes).
