This is pdfTeX, Version 3.14159265-2.6-1.40.17 (TeX Live 2016/TeX Live for SUSE Linux) (preloaded format=pdflatex 2018.5.4)  25 FEB 2020 16:19
entering extended mode
 restricted \write18 enabled.
 %&-line parsing enabled.
**skript.tex
(./skript.tex
LaTeX2e <2016/03/31>
Babel <3.9r> and hyphenation patterns for 83 language(s) loaded.
(/usr/share/texmf/tex/latex/base/article.cls
Document Class: article 2014/09/29 v1.4h Standard LaTeX document class
(/usr/share/texmf/tex/latex/base/size12.clo
File: size12.clo 2014/09/29 v1.4h Standard LaTeX file (size option)
)
\c@part=\count79
\c@section=\count80
\c@subsection=\count81
\c@subsubsection=\count82
\c@paragraph=\count83
\c@subparagraph=\count84
\c@figure=\count85
\c@table=\count86
\abovecaptionskip=\skip41
\belowcaptionskip=\skip42
\bibindent=\dimen102
) (./sty/ue_jr.sty
(/usr/share/texmf/tex/generic/babel/babel.sty
Package: babel 2016/04/23 3.9r The Babel package

(/usr/share/texmf/tex/generic/babel-german/ngerman.ldf
Language: ngerman 2013/12/13 v2.7 German support for babel (new orthography)

(/usr/share/texmf/tex/generic/babel-german/ngermanb.ldf
Language: ngermanb 2013/12/13 v2.7 German support for babel (new orthography)

(/usr/share/texmf/tex/generic/babel/babel.def
File: babel.def 2016/04/23 3.9r Babel common definitions
\babel@savecnt=\count87
\U@D=\dimen103
)
\l@naustrian = a dialect from \language\l@ngerman 
\l@nswissgerman = a dialect from \language\l@ngerman 
Package babel Info: Making " an active character on input line 88.
)))
(/usr/share/texmf/tex/latex/geometry/geometry.sty
Package: geometry 2010/09/12 v5.6 Page Geometry

(/usr/share/texmf/tex/latex/graphics/keyval.sty
Package: keyval 2014/10/28 v1.15 key=value parser (DPC)
\KV@toks@=\toks14
)
(/usr/share/texmf/tex/generic/oberdiek/ifpdf.sty
Package: ifpdf 2016/05/14 v3.1 Provides the ifpdf switch
)
(/usr/share/texmf/tex/generic/oberdiek/ifvtex.sty
Package: ifvtex 2016/05/16 v1.6 Detect VTeX and its facilities (HO)
Package ifvtex Info: VTeX not detected.
)
(/usr/share/texmf/tex/generic/ifxetex/ifxetex.sty
Package: ifxetex 2010/09/12 v0.6 Provides ifxetex conditional
)
\Gm@cnth=\count88
\Gm@cntv=\count89
\c@Gm@tempcnt=\count90
\Gm@bindingoffset=\dimen104
\Gm@wd@mp=\dimen105
\Gm@odd@mp=\dimen106
\Gm@even@mp=\dimen107
\Gm@layoutwidth=\dimen108
\Gm@layoutheight=\dimen109
\Gm@layouthoffset=\dimen110
\Gm@layoutvoffset=\dimen111
\Gm@dimlist=\toks15
)
(/usr/share/texmf/tex/latex/graphics/graphicx.sty
Package: graphicx 2014/10/28 v1.0g Enhanced LaTeX Graphics (DPC,SPQR)

(/usr/share/texmf/tex/latex/graphics/graphics.sty
Package: graphics 2016/05/09 v1.0r Standard LaTeX Graphics (DPC,SPQR)

(/usr/share/texmf/tex/latex/graphics/trig.sty
Package: trig 2016/01/03 v1.10 sin cos tan (DPC)
)
(/usr/share/texmf/tex/latex/graphics-cfg/graphics.cfg
File: graphics.cfg 2016/01/02 v1.10 sample graphics configuration
)
Package graphics Info: Driver file: pdftex.def on input line 96.

(/usr/share/texmf/tex/latex/pdftex-def/pdftex.def
File: pdftex.def 2011/05/27 v0.06d Graphics/color for pdfTeX

(/usr/share/texmf/tex/generic/oberdiek/infwarerr.sty
Package: infwarerr 2016/05/16 v1.4 Providing info/warning/error messages (HO)
)
(/usr/share/texmf/tex/generic/oberdiek/ltxcmds.sty
Package: ltxcmds 2016/05/16 v1.23 LaTeX kernel commands for general use (HO)
)
\Gread@gobject=\count91
))
\Gin@req@height=\dimen112
\Gin@req@width=\dimen113
)
(/usr/share/texmf/tex/latex/base/ifthen.sty
Package: ifthen 2014/09/29 v1.1c Standard LaTeX ifthen package (DPC)
)
(/usr/share/texmf/tex/latex/enumitem/enumitem.sty
Package: enumitem 2011/09/28 v3.5.2 Customized lists
\labelindent=\skip43
\enit@outerparindent=\dimen114
\enit@toks=\toks16
\enit@inbox=\box26
\enitdp@description=\count92
)
(/usr/share/texmf/tex/latex/base/fontenc.sty
Package: fontenc 2005/09/27 v1.99g Standard LaTeX package
)
(/usr/share/texmf/tex/latex/booktabs/booktabs.sty
Package: booktabs 2016/04/27 v1.618033 publication quality tables
\heavyrulewidth=\dimen115
\lightrulewidth=\dimen116
\cmidrulewidth=\dimen117
\belowrulesep=\dimen118
\belowbottomsep=\dimen119
\aboverulesep=\dimen120
\abovetopsep=\dimen121
\cmidrulesep=\dimen122
\cmidrulekern=\dimen123
\defaultaddspace=\dimen124
\@cmidla=\count93
\@cmidlb=\count94
\@aboverulesep=\dimen125
\@belowrulesep=\dimen126
\@thisruleclass=\count95
\@lastruleclass=\count96
\@thisrulewidth=\dimen127
)
(/usr/share/texmf/tex/latex/xcolor/xcolor.sty
Package: xcolor 2016/05/11 v2.12 LaTeX color extensions (UK)

(/usr/share/texmf/tex/latex/graphics-cfg/color.cfg
File: color.cfg 2016/01/02 v1.6 sample color configuration
)
Package xcolor Info: Driver file: pdftex.def on input line 225.
Package xcolor Info: Model `cmy' substituted by `cmy0' on input line 1348.
Package xcolor Info: Model `hsb' substituted by `rgb' on input line 1352.
Package xcolor Info: Model `RGB' extended on input line 1364.
Package xcolor Info: Model `HTML' substituted by `rgb' on input line 1366.
Package xcolor Info: Model `Hsb' substituted by `hsb' on input line 1367.
Package xcolor Info: Model `tHsb' substituted by `hsb' on input line 1368.
Package xcolor Info: Model `HSB' substituted by `hsb' on input line 1369.
Package xcolor Info: Model `Gray' substituted by `gray' on input line 1370.
Package xcolor Info: Model `wave' substituted by `hsb' on input line 1371.
)
(/usr/share/texmf/tex/latex/graphics/epsfig.sty
Package: epsfig 1999/02/16 v1.7a (e)psfig emulation (SPQR)
\epsfxsize=\dimen128
\epsfysize=\dimen129
)
(/usr/share/texmf/tex/latex/multirow/multirow.sty
\bigstrutjot=\dimen130
)
(/usr/share/texmf/tex/latex/base/inputenc.sty
Package: inputenc 2015/03/17 v1.2c Input encoding file
\inpenc@prehook=\toks17
\inpenc@posthook=\toks18

(/usr/share/texmf/tex/latex/base/utf8.def
File: utf8.def 2016/02/28 v1.1s UTF-8 support for inputenc
Now handling font encoding OML ...
... no UTF-8 mapping file for font encoding OML
Now handling font encoding T1 ...
... processing UTF-8 mapping file for font encoding T1

(/usr/share/texmf/tex/latex/base/t1enc.dfu
File: t1enc.dfu 2016/02/28 v1.1s UTF-8 support for inputenc
   defining Unicode char U+00A0 (decimal 160)
   defining Unicode char U+00A1 (decimal 161)
   defining Unicode char U+00A3 (decimal 163)
   defining Unicode char U+00AB (decimal 171)
   defining Unicode char U+00AD (decimal 173)
   defining Unicode char U+00BB (decimal 187)
   defining Unicode char U+00BF (decimal 191)
   defining Unicode char U+00C0 (decimal 192)
   defining Unicode char U+00C1 (decimal 193)
   defining Unicode char U+00C2 (decimal 194)
   defining Unicode char U+00C3 (decimal 195)
   defining Unicode char U+00C4 (decimal 196)
   defining Unicode char U+00C5 (decimal 197)
   defining Unicode char U+00C6 (decimal 198)
   defining Unicode char U+00C7 (decimal 199)
   defining Unicode char U+00C8 (decimal 200)
   defining Unicode char U+00C9 (decimal 201)
   defining Unicode char U+00CA (decimal 202)
   defining Unicode char U+00CB (decimal 203)
   defining Unicode char U+00CC (decimal 204)
   defining Unicode char U+00CD (decimal 205)
   defining Unicode char U+00CE (decimal 206)
   defining Unicode char U+00CF (decimal 207)
   defining Unicode char U+00D0 (decimal 208)
   defining Unicode char U+00D1 (decimal 209)
   defining Unicode char U+00D2 (decimal 210)
   defining Unicode char U+00D3 (decimal 211)
   defining Unicode char U+00D4 (decimal 212)
   defining Unicode char U+00D5 (decimal 213)
   defining Unicode char U+00D6 (decimal 214)
   defining Unicode char U+00D8 (decimal 216)
   defining Unicode char U+00D9 (decimal 217)
   defining Unicode char U+00DA (decimal 218)
   defining Unicode char U+00DB (decimal 219)
   defining Unicode char U+00DC (decimal 220)
   defining Unicode char U+00DD (decimal 221)
   defining Unicode char U+00DE (decimal 222)
   defining Unicode char U+00DF (decimal 223)
   defining Unicode char U+00E0 (decimal 224)
   defining Unicode char U+00E1 (decimal 225)
   defining Unicode char U+00E2 (decimal 226)
   defining Unicode char U+00E3 (decimal 227)
   defining Unicode char U+00E4 (decimal 228)
   defining Unicode char U+00E5 (decimal 229)
   defining Unicode char U+00E6 (decimal 230)
   defining Unicode char U+00E7 (decimal 231)
   defining Unicode char U+00E8 (decimal 232)
   defining Unicode char U+00E9 (decimal 233)
   defining Unicode char U+00EA (decimal 234)
   defining Unicode char U+00EB (decimal 235)
   defining Unicode char U+00EC (decimal 236)
   defining Unicode char U+00ED (decimal 237)
   defining Unicode char U+00EE (decimal 238)
   defining Unicode char U+00EF (decimal 239)
   defining Unicode char U+00F0 (decimal 240)
   defining Unicode char U+00F1 (decimal 241)
   defining Unicode char U+00F2 (decimal 242)
   defining Unicode char U+00F3 (decimal 243)
   defining Unicode char U+00F4 (decimal 244)
   defining Unicode char U+00F5 (decimal 245)
   defining Unicode char U+00F6 (decimal 246)
   defining Unicode char U+00F8 (decimal 248)
   defining Unicode char U+00F9 (decimal 249)
   defining Unicode char U+00FA (decimal 250)
   defining Unicode char U+00FB (decimal 251)
   defining Unicode char U+00FC (decimal 252)
   defining Unicode char U+00FD (decimal 253)
   defining Unicode char U+00FE (decimal 254)
   defining Unicode char U+00FF (decimal 255)
   defining Unicode char U+0100 (decimal 256)
   defining Unicode char U+0101 (decimal 257)
   defining Unicode char U+0102 (decimal 258)
   defining Unicode char U+0103 (decimal 259)
   defining Unicode char U+0104 (decimal 260)
   defining Unicode char U+0105 (decimal 261)
   defining Unicode char U+0106 (decimal 262)
   defining Unicode char U+0107 (decimal 263)
   defining Unicode char U+0108 (decimal 264)
   defining Unicode char U+0109 (decimal 265)
   defining Unicode char U+010A (decimal 266)
   defining Unicode char U+010B (decimal 267)
   defining Unicode char U+010C (decimal 268)
   defining Unicode char U+010D (decimal 269)
   defining Unicode char U+010E (decimal 270)
   defining Unicode char U+010F (decimal 271)
   defining Unicode char U+0110 (decimal 272)
   defining Unicode char U+0111 (decimal 273)
   defining Unicode char U+0112 (decimal 274)
   defining Unicode char U+0113 (decimal 275)
   defining Unicode char U+0114 (decimal 276)
   defining Unicode char U+0115 (decimal 277)
   defining Unicode char U+0116 (decimal 278)
   defining Unicode char U+0117 (decimal 279)
   defining Unicode char U+0118 (decimal 280)
   defining Unicode char U+0119 (decimal 281)
   defining Unicode char U+011A (decimal 282)
   defining Unicode char U+011B (decimal 283)
   defining Unicode char U+011C (decimal 284)
   defining Unicode char U+011D (decimal 285)
   defining Unicode char U+011E (decimal 286)
   defining Unicode char U+011F (decimal 287)
   defining Unicode char U+0120 (decimal 288)
   defining Unicode char U+0121 (decimal 289)
   defining Unicode char U+0122 (decimal 290)
   defining Unicode char U+0123 (decimal 291)
   defining Unicode char U+0124 (decimal 292)
   defining Unicode char U+0125 (decimal 293)
   defining Unicode char U+0128 (decimal 296)
   defining Unicode char U+0129 (decimal 297)
   defining Unicode char U+012A (decimal 298)
   defining Unicode char U+012B (decimal 299)
   defining Unicode char U+012C (decimal 300)
   defining Unicode char U+012D (decimal 301)
   defining Unicode char U+012E (decimal 302)
   defining Unicode char U+012F (decimal 303)
   defining Unicode char U+0130 (decimal 304)
   defining Unicode char U+0131 (decimal 305)
   defining Unicode char U+0132 (decimal 306)
   defining Unicode char U+0133 (decimal 307)
   defining Unicode char U+0134 (decimal 308)
   defining Unicode char U+0135 (decimal 309)
   defining Unicode char U+0136 (decimal 310)
   defining Unicode char U+0137 (decimal 311)
   defining Unicode char U+0139 (decimal 313)
   defining Unicode char U+013A (decimal 314)
   defining Unicode char U+013B (decimal 315)
   defining Unicode char U+013C (decimal 316)
   defining Unicode char U+013D (decimal 317)
   defining Unicode char U+013E (decimal 318)
   defining Unicode char U+0141 (decimal 321)
   defining Unicode char U+0142 (decimal 322)
   defining Unicode char U+0143 (decimal 323)
   defining Unicode char U+0144 (decimal 324)
   defining Unicode char U+0145 (decimal 325)
   defining Unicode char U+0146 (decimal 326)
   defining Unicode char U+0147 (decimal 327)
   defining Unicode char U+0148 (decimal 328)
   defining Unicode char U+014A (decimal 330)
   defining Unicode char U+014B (decimal 331)
   defining Unicode char U+014C (decimal 332)
   defining Unicode char U+014D (decimal 333)
   defining Unicode char U+014E (decimal 334)
   defining Unicode char U+014F (decimal 335)
   defining Unicode char U+0150 (decimal 336)
   defining Unicode char U+0151 (decimal 337)
   defining Unicode char U+0152 (decimal 338)
   defining Unicode char U+0153 (decimal 339)
   defining Unicode char U+0154 (decimal 340)
   defining Unicode char U+0155 (decimal 341)
   defining Unicode char U+0156 (decimal 342)
   defining Unicode char U+0157 (decimal 343)
   defining Unicode char U+0158 (decimal 344)
   defining Unicode char U+0159 (decimal 345)
   defining Unicode char U+015A (decimal 346)
   defining Unicode char U+015B (decimal 347)
   defining Unicode char U+015C (decimal 348)
   defining Unicode char U+015D (decimal 349)
   defining Unicode char U+015E (decimal 350)
   defining Unicode char U+015F (decimal 351)
   defining Unicode char U+0160 (decimal 352)
   defining Unicode char U+0161 (decimal 353)
   defining Unicode char U+0162 (decimal 354)
   defining Unicode char U+0163 (decimal 355)
   defining Unicode char U+0164 (decimal 356)
   defining Unicode char U+0165 (decimal 357)
   defining Unicode char U+0168 (decimal 360)
   defining Unicode char U+0169 (decimal 361)
   defining Unicode char U+016A (decimal 362)
   defining Unicode char U+016B (decimal 363)
   defining Unicode char U+016C (decimal 364)
   defining Unicode char U+016D (decimal 365)
   defining Unicode char U+016E (decimal 366)
   defining Unicode char U+016F (decimal 367)
   defining Unicode char U+0170 (decimal 368)
   defining Unicode char U+0171 (decimal 369)
   defining Unicode char U+0172 (decimal 370)
   defining Unicode char U+0173 (decimal 371)
   defining Unicode char U+0174 (decimal 372)
   defining Unicode char U+0175 (decimal 373)
   defining Unicode char U+0176 (decimal 374)
   defining Unicode char U+0177 (decimal 375)
   defining Unicode char U+0178 (decimal 376)
   defining Unicode char U+0179 (decimal 377)
   defining Unicode char U+017A (decimal 378)
   defining Unicode char U+017B (decimal 379)
   defining Unicode char U+017C (decimal 380)
   defining Unicode char U+017D (decimal 381)
   defining Unicode char U+017E (decimal 382)
   defining Unicode char U+01CD (decimal 461)
   defining Unicode char U+01CE (decimal 462)
   defining Unicode char U+01CF (decimal 463)
   defining Unicode char U+01D0 (decimal 464)
   defining Unicode char U+01D1 (decimal 465)
   defining Unicode char U+01D2 (decimal 466)
   defining Unicode char U+01D3 (decimal 467)
   defining Unicode char U+01D4 (decimal 468)
   defining Unicode char U+01E2 (decimal 482)
   defining Unicode char U+01E3 (decimal 483)
   defining Unicode char U+01E6 (decimal 486)
   defining Unicode char U+01E7 (decimal 487)
   defining Unicode char U+01E8 (decimal 488)
   defining Unicode char U+01E9 (decimal 489)
   defining Unicode char U+01EA (decimal 490)
   defining Unicode char U+01EB (decimal 491)
   defining Unicode char U+01F0 (decimal 496)
   defining Unicode char U+01F4 (decimal 500)
   defining Unicode char U+01F5 (decimal 501)
   defining Unicode char U+0218 (decimal 536)
   defining Unicode char U+0219 (decimal 537)
   defining Unicode char U+021A (decimal 538)
   defining Unicode char U+021B (decimal 539)
   defining Unicode char U+1E02 (decimal 7682)
   defining Unicode char U+1E03 (decimal 7683)
   defining Unicode char U+200C (decimal 8204)
   defining Unicode char U+2010 (decimal 8208)
   defining Unicode char U+2011 (decimal 8209)
   defining Unicode char U+2012 (decimal 8210)
   defining Unicode char U+2013 (decimal 8211)
   defining Unicode char U+2014 (decimal 8212)
   defining Unicode char U+2015 (decimal 8213)
   defining Unicode char U+2018 (decimal 8216)
   defining Unicode char U+2019 (decimal 8217)
   defining Unicode char U+201A (decimal 8218)
   defining Unicode char U+201C (decimal 8220)
   defining Unicode char U+201D (decimal 8221)
   defining Unicode char U+201E (decimal 8222)
   defining Unicode char U+2030 (decimal 8240)
   defining Unicode char U+2031 (decimal 8241)
   defining Unicode char U+2039 (decimal 8249)
   defining Unicode char U+203A (decimal 8250)
   defining Unicode char U+2423 (decimal 9251)
)
Now handling font encoding OT1 ...
... processing UTF-8 mapping file for font encoding OT1

(/usr/share/texmf/tex/latex/base/ot1enc.dfu
File: ot1enc.dfu 2016/02/28 v1.1s UTF-8 support for inputenc
   defining Unicode char U+00A0 (decimal 160)
   defining Unicode char U+00A1 (decimal 161)
   defining Unicode char U+00A3 (decimal 163)
   defining Unicode char U+00AD (decimal 173)
   defining Unicode char U+00B8 (decimal 184)
   defining Unicode char U+00BF (decimal 191)
   defining Unicode char U+00C5 (decimal 197)
   defining Unicode char U+00C6 (decimal 198)
   defining Unicode char U+00D8 (decimal 216)
   defining Unicode char U+00DF (decimal 223)
   defining Unicode char U+00E6 (decimal 230)
   defining Unicode char U+00EC (decimal 236)
   defining Unicode char U+00ED (decimal 237)
   defining Unicode char U+00EE (decimal 238)
   defining Unicode char U+00EF (decimal 239)
   defining Unicode char U+00F8 (decimal 248)
   defining Unicode char U+0131 (decimal 305)
   defining Unicode char U+0141 (decimal 321)
   defining Unicode char U+0142 (decimal 322)
   defining Unicode char U+0152 (decimal 338)
   defining Unicode char U+0153 (decimal 339)
   defining Unicode char U+0174 (decimal 372)
   defining Unicode char U+0175 (decimal 373)
   defining Unicode char U+0176 (decimal 374)
   defining Unicode char U+0177 (decimal 375)
   defining Unicode char U+0218 (decimal 536)
   defining Unicode char U+0219 (decimal 537)
   defining Unicode char U+021A (decimal 538)
   defining Unicode char U+021B (decimal 539)
   defining Unicode char U+2013 (decimal 8211)
   defining Unicode char U+2014 (decimal 8212)
   defining Unicode char U+2018 (decimal 8216)
   defining Unicode char U+2019 (decimal 8217)
   defining Unicode char U+201C (decimal 8220)
   defining Unicode char U+201D (decimal 8221)
)
Now handling font encoding OMS ...
... processing UTF-8 mapping file for font encoding OMS

(/usr/share/texmf/tex/latex/base/omsenc.dfu
File: omsenc.dfu 2016/02/28 v1.1s UTF-8 support for inputenc
   defining Unicode char U+00A7 (decimal 167)
   defining Unicode char U+00B6 (decimal 182)
   defining Unicode char U+00B7 (decimal 183)
   defining Unicode char U+2020 (decimal 8224)
   defining Unicode char U+2021 (decimal 8225)
   defining Unicode char U+2022 (decimal 8226)
)
Now handling font encoding OMX ...
... no UTF-8 mapping file for font encoding OMX
Now handling font encoding U ...
... no UTF-8 mapping file for font encoding U
   defining Unicode char U+00A9 (decimal 169)
   defining Unicode char U+00AA (decimal 170)
   defining Unicode char U+00AE (decimal 174)
   defining Unicode char U+00BA (decimal 186)
   defining Unicode char U+02C6 (decimal 710)
   defining Unicode char U+02DC (decimal 732)
   defining Unicode char U+200C (decimal 8204)
   defining Unicode char U+2026 (decimal 8230)
   defining Unicode char U+2122 (decimal 8482)
   defining Unicode char U+2423 (decimal 9251)
))
(/usr/share/texmf/tex/latex/csquotes/csquotes.sty
Package: csquotes 2016/01/31 v5.1g context-sensitive quotations (JAW)

(/usr/share/texmf/tex/latex/etoolbox/etoolbox.sty
Package: etoolbox 2015/08/02 v2.2a e-TeX tools for LaTeX (JAW)
\etb@tempcnta=\count97
)
\csq@reset=\count98
\csq@gtype=\count99
\csq@glevel=\count100
\csq@qlevel=\count101
\csq@maxlvl=\count102
\csq@tshold=\count103
\csq@ltx@everypar=\toks19

(/usr/share/texmf/tex/latex/csquotes/csquotes.def
File: csquotes.def 2016/01/31 v5.1g csquotes generic definitions (JAW)
)
Package csquotes Info: Trying to load configuration file 'csquotes.cfg'...
Package csquotes Info: ... configuration file loaded successfully.

(/usr/share/texmf/tex/latex/csquotes/csquotes.cfg
File: csquotes.cfg 
)
Package csquotes Info: Enabling multilingual quotes.
)
(/usr/share/texmf/tex/latex/caption/caption.sty
Package: caption 2016/02/21 v3.3-144 Customizing captions (AR)

(/usr/share/texmf/tex/latex/caption/caption3.sty
Package: caption3 2016/02/04 v1.7-139 caption3 kernel (AR)
Package caption3 Info: TeX engine: e-TeX on input line 67.
\captionmargin=\dimen131
\captionmargin@=\dimen132
\captionwidth=\dimen133
\caption@tempdima=\dimen134
\caption@indent=\dimen135
\caption@parindent=\dimen136
\caption@hangindent=\dimen137
)
\c@ContinuedFloat=\count104
) (./sty/defdb1.sty
(/usr/share/texmf/tex/latex/tools/bm.sty
Package: bm 2016/02/27 v1.2a Bold Symbol Support (DPC/FMi)
\symboldoperators=\mathgroup4
\symboldletters=\mathgroup5
\symboldsymbols=\mathgroup6
LaTeX Font Info:    Redeclaring math alphabet \mathbf on input line 142.
LaTeX Info: Redefining \bm on input line 208.
)
(/usr/share/texmf/tex/latex/bbm-macros/bbm.sty
Package: bbm 1999/03/15 V 1.2 provides fonts for set symbols - TH
LaTeX Font Info:    Overwriting math alphabet `\mathbbm' in version `bold'
(Font)                  U/bbm/m/n --> U/bbm/bx/n on input line 33.
LaTeX Font Info:    Overwriting math alphabet `\mathbbmss' in version `bold'
(Font)                  U/bbmss/m/n --> U/bbmss/bx/n on input line 35.
)
(/usr/share/texmf/tex/latex/amsmath/amsmath.sty
Package: amsmath 2016/03/10 v2.15b AMS math features
\@mathmargin=\skip44

For additional information on amsmath, use the `?' option.
(/usr/share/texmf/tex/latex/amsmath/amstext.sty
Package: amstext 2000/06/29 v2.01 AMS text

(/usr/share/texmf/tex/latex/amsmath/amsgen.sty
File: amsgen.sty 1999/11/30 v2.0 generic functions
\@emptytoks=\toks20
\ex@=\dimen138
))
(/usr/share/texmf/tex/latex/amsmath/amsbsy.sty
Package: amsbsy 1999/11/29 v1.2d Bold Symbols
LaTeX Info: Redefining \boldsymbol on input line 28.
\pmbraise@=\dimen139
)
(/usr/share/texmf/tex/latex/amsmath/amsopn.sty
Package: amsopn 2016/03/08 v2.02 operator names
)
\inf@bad=\count105
LaTeX Info: Redefining \frac on input line 199.
\uproot@=\count106
\leftroot@=\count107
LaTeX Info: Redefining \overline on input line 297.
\classnum@=\count108
\DOTSCASE@=\count109
LaTeX Info: Redefining \ldots on input line 394.
LaTeX Info: Redefining \dots on input line 397.
LaTeX Info: Redefining \cdots on input line 518.
\Mathstrutbox@=\box27
\strutbox@=\box28
\big@size=\dimen140
LaTeX Font Info:    Redeclaring font encoding OML on input line 634.
LaTeX Font Info:    Redeclaring font encoding OMS on input line 635.
\macc@depth=\count110
\c@MaxMatrixCols=\count111
\dotsspace@=\muskip10
\c@parentequation=\count112
\dspbrk@lvl=\count113
\tag@help=\toks21
\row@=\count114
\column@=\count115
\maxfields@=\count116
\andhelp@=\toks22
\eqnshift@=\dimen141
\alignsep@=\dimen142
\tagshift@=\dimen143
\tagwidth@=\dimen144
\totwidth@=\dimen145
\lineht@=\dimen146
\@envbody=\toks23
\multlinegap=\skip45
\multlinetaggap=\skip46
\mathdisplay@stack=\toks24
LaTeX Info: Redefining \[ on input line 2739.
LaTeX Info: Redefining \] on input line 2740.
)
(/usr/share/texmf/tex/latex/amsfonts/amssymb.sty
Package: amssymb 2013/01/14 v3.01 AMS font symbols

(/usr/share/texmf/tex/latex/amsfonts/amsfonts.sty
Package: amsfonts 2013/01/14 v3.01 Basic AMSFonts support
\symAMSa=\mathgroup7
\symAMSb=\mathgroup8
LaTeX Font Info:    Overwriting math alphabet `\mathfrak' in version `bold'
(Font)                  U/euf/m/n --> U/euf/b/n on input line 106.
))
(/usr/share/texmf/tex/latex/relsize/relsize.sty
Package: relsize 2013/03/29 ver 4.1
)) (./sty/defjrjk.sty
(/usr/share/texmf/tex/latex/siunitx/siunitx.sty
(/usr/share/texmf/tex/latex/l3kernel/expl3.sty
Package: expl3 2016/05/18 v6512 L3 programming layer (loader) 

(/usr/share/texmf/tex/latex/l3kernel/expl3-code.tex
Package: expl3 2016/05/18 v6512 L3 programming layer (code)
L3 Module: l3bootstrap 2016/02/12 v6412 L3 Bootstrap code
L3 Module: l3names 2016/03/11 v6433 L3 Namespace for primitives
L3 Module: l3basics 2015/11/22 v6315 L3 Basic definitions
L3 Module: l3expan 2015/09/10 v5983 L3 Argument expansion
L3 Module: l3tl 2016/03/26 v6465 L3 Token lists
L3 Module: l3str 2016/03/24 v6441 L3 Strings
L3 Module: l3seq 2015/08/05 v5777 L3 Sequences and stacks
L3 Module: l3int 2016/03/24 v6441 L3 Integers
\c_max_int=\count117
\l_tmpa_int=\count118
\l_tmpb_int=\count119
\g_tmpa_int=\count120
\g_tmpb_int=\count121
L3 Module: l3quark 2015/08/17 v5855 L3 Quarks
L3 Module: l3prg 2015/11/01 v6216 L3 Control structures
\g__prg_map_int=\count122
L3 Module: l3clist 2015/09/02 v5901 L3 Comma separated lists
L3 Module: l3token 2016/04/03 v6470 L3 Experimental token manipulation
L3 Module: l3prop 2016/01/05 v6366 L3 Property lists
L3 Module: l3msg 2016/03/26 v6464 L3 Messages
L3 Module: l3file 2016/03/25 v6458 L3 File and I/O operations
\l_iow_line_count_int=\count123
\l__iow_target_count_int=\count124
\l__iow_current_line_int=\count125
\l__iow_current_word_int=\count126
\l__iow_current_indentation_int=\count127
L3 Module: l3skip 2016/01/05 v6366 L3 Dimensions and skips
\c_zero_dim=\dimen147
\c_max_dim=\dimen148
\l_tmpa_dim=\dimen149
\l_tmpb_dim=\dimen150
\g_tmpa_dim=\dimen151
\g_tmpb_dim=\dimen152
\c_zero_skip=\skip47
\c_max_skip=\skip48
\l_tmpa_skip=\skip49
\l_tmpb_skip=\skip50
\g_tmpa_skip=\skip51
\g_tmpb_skip=\skip52
\c_zero_muskip=\muskip11
\c_max_muskip=\muskip12
\l_tmpa_muskip=\muskip13
\l_tmpb_muskip=\muskip14
\g_tmpa_muskip=\muskip15
\g_tmpb_muskip=\muskip16
L3 Module: l3keys 2015/11/17 v6284 L3 Key-value interfaces
\g__keyval_level_int=\count128
\l_keys_choice_int=\count129
L3 Module: l3fp 2016/03/26 v6465 L3 Floating points
\c__fp_leading_shift_int=\count130
\c__fp_middle_shift_int=\count131
\c__fp_trailing_shift_int=\count132
\c__fp_big_leading_shift_int=\count133
\c__fp_big_middle_shift_int=\count134
\c__fp_big_trailing_shift_int=\count135
\c__fp_Bigg_leading_shift_int=\count136
\c__fp_Bigg_middle_shift_int=\count137
\c__fp_Bigg_trailing_shift_int=\count138
L3 Module: l3box 2015/08/09 v5822 L3 Experimental boxes
\c_empty_box=\box29
\l_tmpa_box=\box30
\l_tmpb_box=\box31
\g_tmpa_box=\box32
\g_tmpb_box=\box33
L3 Module: l3coffins 2016/05/17 v6508 L3 Coffin code layer
\l__coffin_internal_box=\box34
\l__coffin_internal_dim=\dimen153
\l__coffin_offset_x_dim=\dimen154
\l__coffin_offset_y_dim=\dimen155
\l__coffin_x_dim=\dimen156
\l__coffin_y_dim=\dimen157
\l__coffin_x_prime_dim=\dimen158
\l__coffin_y_prime_dim=\dimen159
\c_empty_coffin=\box35
\l__coffin_aligned_coffin=\box36
\l__coffin_aligned_internal_coffin=\box37
\l_tmpa_coffin=\box38
\l_tmpb_coffin=\box39
\l__coffin_display_coffin=\box40
\l__coffin_display_coord_coffin=\box41
\l__coffin_display_pole_coffin=\box42
\l__coffin_display_offset_dim=\dimen160
\l__coffin_display_x_dim=\dimen161
\l__coffin_display_y_dim=\dimen162
L3 Module: l3color 2014/08/23 v5354 L3 Experimental color support
L3 Module: l3sys 2015/09/25 v6087 L3 Experimental system/runtime functions
L3 Module: l3candidates 2016/05/13 v6484 L3 Experimental additions to l3kernel
\l__box_top_dim=\dimen163
\l__box_bottom_dim=\dimen164
\l__box_left_dim=\dimen165
\l__box_right_dim=\dimen166
\l__box_top_new_dim=\dimen167
\l__box_bottom_new_dim=\dimen168
\l__box_left_new_dim=\dimen169
\l__box_right_new_dim=\dimen170
\l__box_internal_box=\box43
\l__coffin_bounding_shift_dim=\dimen171
\l__coffin_left_corner_dim=\dimen172
\l__coffin_right_corner_dim=\dimen173
\l__coffin_bottom_corner_dim=\dimen174
\l__coffin_top_corner_dim=\dimen175
\l__coffin_scaled_total_height_dim=\dimen176
\l__coffin_scaled_width_dim=\dimen177
L3 Module: l3luatex 2016/03/26 v6465 L3 Experimental LuaTeX-specific functions
)
(/usr/share/texmf/tex/latex/l3kernel/l3pdfmode.def
File: l3pdfmode.def 2016/03/26 v6465 L3 Experimental driver: PDF mode
\l__driver_color_stack_int=\count139
\l__driver_tmp_box=\box44
))
(/usr/share/texmf/tex/latex/l3packages/xparse/xparse.sty
Package: xparse 2016/05/18 v6512 L3 Experimental document command parser
\l__xparse_current_arg_int=\count140
\l__xparse_m_args_int=\count141
\l__xparse_mandatory_args_int=\count142
\l__xparse_processor_int=\count143
\l__xparse_v_nesting_int=\count144
)
Package: siunitx 2016/03/01 v2.6q A comprehensive (SI) units package

(/usr/share/texmf/tex/latex/tools/array.sty
Package: array 2014/10/28 v2.4c Tabular extension package (FMi)
\col@sep=\dimen178
\extrarowheight=\dimen179
\NC@list=\toks25
\extratabsurround=\skip53
\backup@length=\skip54
)
(/usr/share/texmf/tex/latex/l3packages/l3keys2e/l3keys2e.sty
Package: l3keys2e 2016/05/18 v6512 LaTeX2e option processing using LaTeX3 keys
)
\l__siunitx_tmp_box=\box45
\l__siunitx_tmp_dim=\dimen180
\l__siunitx_tmp_int=\count145
\l__siunitx_number_mantissa_length_int=\count146
\l__siunitx_number_uncert_length_int=\count147
\l__siunitx_round_int=\count148
\l__siunitx_process_decimal_int=\count149
\l__siunitx_process_uncertainty_int=\count150
\l__siunitx_process_fixed_int=\count151
\l__siunitx_process_integer_min_int=\count152
\l__siunitx_process_precision_int=\count153
\l__siunitx_group_min_int=\count154
\l__siunitx_angle_marker_box=\box46
\l__siunitx_angle_unit_box=\box47
\l__siunitx_angle_marker_dim=\dimen181
\l__siunitx_angle_unit_dim=\dimen182
\l__siunitx_unit_int=\count155
\l__siunitx_unit_denominator_int=\count156
\l__siunitx_unit_numerator_int=\count157
\l__siunitx_unit_prefix_int=\count158
\l__siunitx_unit_prefix_base_int=\count159
\l__siunitx_unit_prefix_gram_int=\count160
\l__siunitx_number_product_int=\count161
\c__siunitx_one_fill_skip=\skip55
\l__siunitx_table_unit_align_skip=\skip56
\l__siunitx_table_exponent_dim=\dimen183
\l__siunitx_table_integer_dim=\dimen184
\l__siunitx_table_mantissa_dim=\dimen185
\l__siunitx_table_marker_dim=\dimen186
\l__siunitx_table_result_dim=\dimen187
\l__siunitx_table_uncert_dim=\dimen188
\l__siunitx_table_fill_pre_dim=\dimen189
\l__siunitx_table_fill_post_dim=\dimen190
\l__siunitx_table_fill_mid_dim=\dimen191
\l__siunitx_table_pre_box=\box48
\l__siunitx_table_post_box=\box49
\l__siunitx_table_mantissa_box=\box50
\l__siunitx_table_result_box=\box51
\l__siunitx_table_number_align_skip=\skip57
\l__siunitx_table_text_align_skip=\skip58
.................................................
. LaTeX info: "xparse/define-command"
. 
. Defining command \DeclareBinaryPrefix with sig. 'mmm' on line 7218.
.................................................
.................................................
. LaTeX info: "xparse/define-command"
. 
. Defining command \DeclareSIPostPower with sig. 'mm' on line 7221.
.................................................
.................................................
. LaTeX info: "xparse/define-command"
. 
. Defining command \DeclareSIPrefix with sig. 'mmm' on line 7224.
.................................................
.................................................
. LaTeX info: "xparse/define-command"
. 
. Defining command \DeclareSIPrePower with sig. 'mm' on line 7227.
.................................................
.................................................
. LaTeX info: "xparse/define-command"
. 
. Defining command \DeclareSIQualifier with sig. 'mm' on line 7230.
.................................................
.................................................
. LaTeX info: "xparse/define-command"
. 
. Defining command \DeclareSIUnit with sig. 'O{}mm' on line 7233.
.................................................
.................................................
. LaTeX info: "xparse/define-command"
. 
. Defining command \DeclareSIUnitWithOptions with sig. 'mmm' on line 7236.
.................................................
.................................................
. LaTeX info: "xparse/define-command"
. 
. Defining command \ang with sig. 'o>{\SplitArgument {2}{;}}m' on line 7251.
.................................................
.................................................
. LaTeX info: "xparse/define-command"
. 
. Defining command \num with sig. 'om' on line 7260.
.................................................
.................................................
. LaTeX info: "xparse/define-command"
. 
. Defining command \numlist with sig. 'o>{\SplitList {;}}m' on line 7269.
.................................................
.................................................
. LaTeX info: "xparse/define-command"
. 
. Defining command \numrange with sig. 'omm' on line 7278.
.................................................
.................................................
. LaTeX info: "xparse/define-command"
. 
. Defining command \SIlist with sig. 'o>{\SplitList {;}}mm' on line 7290.
.................................................
.................................................
. LaTeX info: "xparse/define-command"
. 
. Defining command \SIrange with sig. 'ommm' on line 7302.
.................................................
.................................................
. LaTeX info: "xparse/define-command"
. 
. Defining command \SI with sig. 'omom' on line 7314.
.................................................
.................................................
. LaTeX info: "xparse/define-command"
. 
. Defining command \sisetup with sig. 'm' on line 7317.
.................................................
.................................................
. LaTeX info: "xparse/define-command"
. 
. Defining command \tablenum with sig. 'om' on line 7332.
.................................................
.................................................
. LaTeX info: "xparse/define-command"
. 
. Defining command \si with sig. 'om' on line 7344.
.................................................
.................................................
. LaTeX info: "xparse/define-command"
. 
. Defining command \__siunitx_bookmark_num:w with sig. 'om' on line 7391.
.................................................
.................................................
. LaTeX info: "xparse/define-command"
. 
. Defining command \__siunitx_bookmark_numrange:w with sig. 'omm' on line
. 7393.
.................................................
.................................................
. LaTeX info: "xparse/define-command"
. 
. Defining command \__siunitx_bookmark_SI:w with sig. 'omom' on line 7395.
.................................................
.................................................
. LaTeX info: "xparse/define-command"
. 
. Defining command \__siunitx_bookmark_SIlist:w with sig. 'omm' on line 7397.
.................................................
.................................................
. LaTeX info: "xparse/define-command"
. 
. Defining command \__siunitx_bookmark_SIrange:w with sig. 'ommm' on line
. 7399.
.................................................
.................................................
. LaTeX info: "xparse/define-command"
. 
. Defining command \__siunitx_bookmark_si:w with sig. 'om' on line 7400.
.................................................
\g__file_internal_ior=\read1

(/usr/share/texmf/tex/latex/beamer/translator/translator.sty
Package: translator 2010/06/12 ver 1.10

(/usr/share/texmf/tex/latex/beamer/translator/translator-language-mappings.tex)
)) (/usr/share/texmf/tex/latex/amscls/amsthm.sty
Package: amsthm 2015/03/04 v2.20.2
\thm@style=\toks26
\thm@bodyfont=\toks27
\thm@headfont=\toks28
\thm@notefont=\toks29
\thm@headpunct=\toks30
\thm@preskip=\skip59
\thm@postskip=\skip60
\thm@headsep=\skip61
\dth@everypar=\toks31
)
(/usr/share/texmf/tex/latex/esint/esint.sty
Package: esint 
\symlargesymbolsA=\mathgroup9
)
(/usr/share/texmf/tex/latex/fancyhdr/fancyhdr.sty
\fancy@headwidth=\skip62
\f@ncyO@elh=\skip63
\f@ncyO@erh=\skip64
\f@ncyO@olh=\skip65
\f@ncyO@orh=\skip66
\f@ncyO@elf=\skip67
\f@ncyO@erf=\skip68
\f@ncyO@olf=\skip69
\f@ncyO@orf=\skip70
)
\c@theorem=\count162
\c@definition=\count163
))
Package csquotes Info: Checking for multilingual support...
Package csquotes Info: ... found 'babel' package.
 (./skript.aux)
\openout1 = `skript.aux'.

LaTeX Font Info:    Checking defaults for OML/cmm/m/it on input line 15.
LaTeX Font Info:    ... okay on input line 15.
LaTeX Font Info:    Checking defaults for T1/cmr/m/n on input line 15.
LaTeX Font Info:    ... okay on input line 15.
LaTeX Font Info:    Checking defaults for OT1/cmr/m/n on input line 15.
LaTeX Font Info:    ... okay on input line 15.
LaTeX Font Info:    Checking defaults for OMS/cmsy/m/n on input line 15.
LaTeX Font Info:    ... okay on input line 15.
LaTeX Font Info:    Checking defaults for OMX/cmex/m/n on input line 15.
LaTeX Font Info:    ... okay on input line 15.
LaTeX Font Info:    Checking defaults for U/cmr/m/n on input line 15.
LaTeX Font Info:    ... okay on input line 15.

*geometry* driver: auto-detecting
*geometry* detected driver: pdftex
*geometry* verbose mode - [ preamble ] result:
* driver: pdftex
* paper: <default>
* layout: <same size as paper>
* layoutoffset:(h,v)=(0.0pt,0.0pt)
* modes: includehead includefoot 
* h-part:(L,W,R)=(71.13188pt, 472.03123pt, 71.13188pt)
* v-part:(T,H,B)=(28.45274pt, 692.96062pt, 73.55663pt)
* \paperwidth=614.295pt
* \paperheight=794.96999pt
* \textwidth=472.03123pt
* \textheight=625.96062pt
* \oddsidemargin=-1.1381pt
* \evensidemargin=-1.1381pt
* \topmargin=-43.81725pt
* \headheight=56.9055pt
* \headsep=25.0pt
* \topskip=12.0pt
* \footskip=30.0pt
* \marginparwidth=44.0pt
* \marginparsep=10.0pt
* \columnsep=10.0pt
* \skip\footins=10.8pt plus 4.0pt minus 2.0pt
* \hoffset=0.0pt
* \voffset=0.0pt
* \mag=1000
* \@twocolumnfalse
* \@twosidefalse
* \@mparswitchfalse
* \@reversemarginfalse
* (1in=72.27pt=25.4mm, 1cm=28.453pt)

(/usr/share/texmf/tex/context/base/mkii/supp-pdf.mkii
[Loading MPS to PDF converter (version 2006.09.02).]
\scratchcounter=\count164
\scratchdimen=\dimen192
\scratchbox=\box52
\nofMPsegments=\count165
\nofMParguments=\count166
\everyMPshowfont=\toks32
\MPscratchCnt=\count167
\MPscratchDim=\dimen193
\MPnumerator=\count168
\makeMPintoPDFobject=\count169
\everyMPtoPDFconversion=\toks33
) (/usr/share/texmf/tex/generic/oberdiek/pdftexcmds.sty
Package: pdftexcmds 2016/05/10 v0.21 Utility functions of pdfTeX for LuaTeX (HO
)

(/usr/share/texmf/tex/generic/oberdiek/ifluatex.sty
Package: ifluatex 2016/05/16 v1.4 Provides the ifluatex switch (HO)
Package ifluatex Info: LuaTeX not detected.
)
Package pdftexcmds Info: LuaTeX not detected.
Package pdftexcmds Info: \pdf@primitive is available.
Package pdftexcmds Info: \pdf@ifprimitive is available.
Package pdftexcmds Info: \pdfdraftmode found.
)
(/usr/share/texmf/tex/latex/oberdiek/epstopdf-base.sty
Package: epstopdf-base 2016/05/15 v2.6 Base part for package epstopdf

(/usr/share/texmf/tex/latex/oberdiek/grfext.sty
Package: grfext 2016/05/16 v1.2 Manage graphics extensions (HO)

(/usr/share/texmf/tex/generic/oberdiek/kvdefinekeys.sty
Package: kvdefinekeys 2016/05/16 v1.4 Define keys (HO)
))
(/usr/share/texmf/tex/latex/oberdiek/kvoptions.sty
Package: kvoptions 2016/05/16 v3.12 Key value format for package options (HO)

(/usr/share/texmf/tex/generic/oberdiek/kvsetkeys.sty
Package: kvsetkeys 2016/05/16 v1.17 Key value parser (HO)

(/usr/share/texmf/tex/generic/oberdiek/etexcmds.sty
Package: etexcmds 2016/05/16 v1.6 Avoid name clashes with e-TeX commands (HO)
Package etexcmds Info: Could not find \expanded.
(etexcmds)             That can mean that you are not using pdfTeX 1.50 or
(etexcmds)             that some package has redefined \expanded.
(etexcmds)             In the latter case, load this package earlier.
)))
Package grfext Info: Graphics extension search list:
(grfext)             [.png,.pdf,.jpg,.mps,.jpeg,.jbig2,.jb2,.PNG,.PDF,.JPG,.JPE
G,.JBIG2,.JB2,.eps]
(grfext)             \AppendGraphicsExtensions on input line 456.

(/usr/share/texmf/tex/latex/latexconfig/epstopdf-sys.cfg
File: epstopdf-sys.cfg 2010/07/13 v1.3 Configuration of (r)epstopdf for TeX Liv
e
))
Package caption Info: Begin \AtBeginDocument code.
Package caption Info: End \AtBeginDocument code.
Now handling font encoding TS1 ...
... processing UTF-8 mapping file for font encoding TS1

(/usr/share/texmf/tex/latex/base/ts1enc.dfu
File: ts1enc.dfu 2016/02/28 v1.1s UTF-8 support for inputenc
   defining Unicode char U+00A2 (decimal 162)
   defining Unicode char U+00A3 (decimal 163)
   defining Unicode char U+00A4 (decimal 164)
   defining Unicode char U+00A5 (decimal 165)
   defining Unicode char U+00A6 (decimal 166)
   defining Unicode char U+00A7 (decimal 167)
   defining Unicode char U+00A8 (decimal 168)
   defining Unicode char U+00A9 (decimal 169)
   defining Unicode char U+00AA (decimal 170)
   defining Unicode char U+00AC (decimal 172)
   defining Unicode char U+00AE (decimal 174)
   defining Unicode char U+00AF (decimal 175)
   defining Unicode char U+00B0 (decimal 176)
   defining Unicode char U+00B1 (decimal 177)
   defining Unicode char U+00B2 (decimal 178)
   defining Unicode char U+00B3 (decimal 179)
   defining Unicode char U+00B4 (decimal 180)
   defining Unicode char U+00B5 (decimal 181)
   defining Unicode char U+00B6 (decimal 182)
   defining Unicode char U+00B7 (decimal 183)
   defining Unicode char U+00B9 (decimal 185)
   defining Unicode char U+00BA (decimal 186)
   defining Unicode char U+00BC (decimal 188)
   defining Unicode char U+00BD (decimal 189)
   defining Unicode char U+00BE (decimal 190)
   defining Unicode char U+00D7 (decimal 215)
   defining Unicode char U+00F7 (decimal 247)
   defining Unicode char U+0192 (decimal 402)
   defining Unicode char U+02C7 (decimal 711)
   defining Unicode char U+02D8 (decimal 728)
   defining Unicode char U+02DD (decimal 733)
   defining Unicode char U+0E3F (decimal 3647)
   defining Unicode char U+2016 (decimal 8214)
   defining Unicode char U+2020 (decimal 8224)
   defining Unicode char U+2021 (decimal 8225)
   defining Unicode char U+2022 (decimal 8226)
   defining Unicode char U+2030 (decimal 8240)
   defining Unicode char U+2031 (decimal 8241)
   defining Unicode char U+203B (decimal 8251)
   defining Unicode char U+203D (decimal 8253)
   defining Unicode char U+2044 (decimal 8260)
   defining Unicode char U+204E (decimal 8270)
   defining Unicode char U+2052 (decimal 8274)
   defining Unicode char U+20A1 (decimal 8353)
   defining Unicode char U+20A4 (decimal 8356)
   defining Unicode char U+20A6 (decimal 8358)
   defining Unicode char U+20A9 (decimal 8361)
   defining Unicode char U+20AB (decimal 8363)
   defining Unicode char U+20AC (decimal 8364)
   defining Unicode char U+20B1 (decimal 8369)
   defining Unicode char U+2103 (decimal 8451)
   defining Unicode char U+2116 (decimal 8470)
   defining Unicode char U+2117 (decimal 8471)
   defining Unicode char U+211E (decimal 8478)
   defining Unicode char U+2120 (decimal 8480)
   defining Unicode char U+2122 (decimal 8482)
   defining Unicode char U+2126 (decimal 8486)
   defining Unicode char U+2127 (decimal 8487)
   defining Unicode char U+212E (decimal 8494)
   defining Unicode char U+2190 (decimal 8592)
   defining Unicode char U+2191 (decimal 8593)
   defining Unicode char U+2192 (decimal 8594)
   defining Unicode char U+2193 (decimal 8595)
   defining Unicode char U+2329 (decimal 9001)
   defining Unicode char U+232A (decimal 9002)
   defining Unicode char U+2422 (decimal 9250)
   defining Unicode char U+25E6 (decimal 9702)
   defining Unicode char U+25EF (decimal 9711)
   defining Unicode char U+266A (decimal 9834)
)
(/usr/share/texmf/tex/latex/beamer/translator/dicts/translator-basic-dictionary
/translator-basic-dictionary-English.dict
Dictionary: translator-basic-dictionary, Language: English 
)
(/usr/share/texmf/tex/latex/siunitx/siunitx-abbreviations.cfg
File: siunitx-abbreviations.cfg 2016/03/01 v2.6q siunitx: Abbreviated units
)
\c__siunitx_mathsf_int=\count170
LaTeX Font Info:    Try loading font information for U+msa on input line 15.

(/usr/share/texmf/tex/latex/amsfonts/umsa.fd
File: umsa.fd 2013/01/14 v3.01 AMS symbols A
)
LaTeX Font Info:    Try loading font information for U+msb on input line 15.

(/usr/share/texmf/tex/latex/amsfonts/umsb.fd
File: umsb.fd 2013/01/14 v3.01 AMS symbols B
)
LaTeX Font Info:    Try loading font information for U+esint on input line 15.

(/usr/share/texmf/tex/latex/esint/uesint.fd
File: uesint.fd 
)
\c__siunitx_mathtt_int=\count171
 (./tex/ue1.tex
<fig/rub_logo_1.pdf, id=1, 1656.35818pt x 1656.35818pt>
File: fig/rub_logo_1.pdf Graphic file (type pdf)

<use fig/rub_logo_1.pdf>
Package pdftex.def Info: fig/rub_logo_1.pdf used on input line 75.
(pdftex.def)             Requested size: 45.51839pt x 45.52457pt.
 [1{/var/lib/texmf/fonts/map/pdftex/updmap/pdftex.map}


 <./fig/rub_logo_1.pdf>]
<fig/ue1_cube_surface_load_on_plane.pdf, id=22, 1133.03305pt x 984.47798pt>
File: fig/ue1_cube_surface_load_on_plane.pdf Graphic file (type pdf)

<use fig/ue1_cube_surface_load_on_plane.pdf>
Package pdftex.def Info: fig/ue1_cube_surface_load_on_plane.pdf used on input l
ine 84.
(pdftex.def)             Requested size: 283.22162pt x 246.08884pt.
) (./tex/ue2.tex
File: fig/rub_logo_1.pdf Graphic file (type pdf)

<use fig/rub_logo_1.pdf>
Package pdftex.def Info: fig/rub_logo_1.pdf used on input line 1.
(pdftex.def)             Requested size: 45.51839pt x 45.52457pt.
 [2

 <./fig/ue1_cube_surface_load_on_plane.pdf>]
<fig/ue2_stab_eigengewicht.pdf, id=30, 105.65027pt x 180.90974pt>
File: fig/ue2_stab_eigengewicht.pdf Graphic file (type pdf)

<use fig/ue2_stab_eigengewicht.pdf>
Package pdftex.def Info: fig/ue2_stab_eigengewicht.pdf used on input line 12.
(pdftex.def)             Requested size: 84.52031pt x 144.72798pt.

<fig/ue2_balken_linienlast.pdf, id=31, 822.07124pt x 499.8675pt>
File: fig/ue2_balken_linienlast.pdf Graphic file (type pdf)

<use fig/ue2_balken_linienlast.pdf>
Package pdftex.def Info: fig/ue2_balken_linienlast.pdf used on input line 32.
(pdftex.def)             Requested size: 207.69489pt x 126.28609pt.
) (./tex/ue3.tex
File: fig/rub_logo_1.pdf Graphic file (type pdf)
 <use fig/rub_logo_1.pdf>
Package pdftex.def Info: fig/rub_logo_1.pdf used on input line 1.
(pdftex.def)             Requested size: 45.51839pt x 45.52457pt.

[1

 <./fig/ue2_stab_eigengewicht.pdf> <./fig/ue2_balken_linienlast.pdf>]
LaTeX Font Info:    Try loading font information for OMS+cmr on input line 12.

(/usr/share/texmf/tex/latex/base/omscmr.fd
File: omscmr.fd 2014/09/29 v2.5h Standard LaTeX font definitions
)
LaTeX Font Info:    Font shape `OMS/cmr/m/n' in size <12> not available
(Font)              Font shape `OMS/cmsy/m/n' tried instead on input line 12.
File: fig/rub_logo_1.pdf Graphic file (type pdf)
 <use fig/rub_logo_1.pdf>
Package pdftex.def Info: fig/rub_logo_1.pdf used on input line 43.
(pdftex.def)             Requested size: 45.51839pt x 45.52457pt.
 [1

]
File: fig/rub_logo_1.pdf Graphic file (type pdf)

<use fig/rub_logo_1.pdf>
Package pdftex.def Info: fig/rub_logo_1.pdf used on input line 109.
(pdftex.def)             Requested size: 45.51839pt x 45.52457pt.
 [2

]
File: fig/rub_logo_1.pdf Graphic file (type pdf)
 <use fig/rub_logo_1.pdf>
Package pdftex.def Info: fig/rub_logo_1.pdf used on input line 180.
(pdftex.def)             Requested size: 45.51839pt x 45.52457pt.
 [3]
Overfull \hbox (11.63126pt too wide) in paragraph at lines 183--199
[][] 
 []

File: fig/rub_logo_1.pdf Graphic file (type pdf)
<use fig/rub_logo_1.pdf>
Package pdftex.def Info: fig/rub_logo_1.pdf used on input line 277.
(pdftex.def)             Requested size: 45.51839pt x 45.52457pt.
 [4

]
File: fig/rub_logo_1.pdf Graphic file (type pdf)
 <use fig/rub_logo_1.pdf>
Package pdftex.def Info: fig/rub_logo_1.pdf used on input line 343.
(pdftex.def)             Requested size: 45.51839pt x 45.52457pt.
 [5]
File: fig/rub_logo_1.pdf Graphic file (type pdf)

<use fig/rub_logo_1.pdf>
Package pdftex.def Info: fig/rub_logo_1.pdf used on input line 393.
(pdftex.def)             Requested size: 45.51839pt x 45.52457pt.
 [6

]
Overfull \hbox (22.53674pt too wide) in paragraph at lines 414--442
[][] 
 []

File: fig/rub_logo_1.pdf Graphic file (type pdf)
<use fig/rub_logo_1.pdf>
Package pdftex.def Info: fig/rub_logo_1.pdf used on input line 445.
(pdftex.def)             Requested size: 45.51839pt x 45.52457pt.
 [7

]
Overfull \hbox (23.87173pt too wide) in paragraph at lines 448--464
[][] 
 []


Overfull \hbox (20.6774pt too wide) in paragraph at lines 476--486
[][] 
 []


Overfull \hbox (23.25298pt too wide) in paragraph at lines 487--500
[][] 
 []

Package epstopdf Info: Source file: <fig/ue3_plot_example.eps>
(epstopdf)                    date: 2008-05-14 07:44:00
(epstopdf)                    size: 15977 bytes
(epstopdf)             Output file: <fig/ue3_plot_example-eps-converted-to.pdf>

(epstopdf)                    date: 2019-10-31 12:04:55
(epstopdf)                    size: 9547 bytes
(epstopdf)             Command: <repstopdf --outfile=fig/ue3_plot_example-eps-c
onverted-to.pdf fig/ue3_plot_example.eps>
(epstopdf)             \includegraphics on input line 518.
Package epstopdf Info: Output file is already uptodate.
<fig/ue3_plot_example-eps-converted-to.pdf, id=68, 421.575pt x 333.245pt>
File: fig/ue3_plot_example-eps-converted-to.pdf Graphic file (type pdf)

<use fig/ue3_plot_example-eps-converted-to.pdf>
Package pdftex.def Info: fig/ue3_plot_example-eps-converted-to.pdf used on inpu
t line 518.
(pdftex.def)             Requested size: 169.93073pt x 134.32787pt.
File: fig/rub_logo_1.pdf Graphic file (type pdf)
 <use fig/rub_logo_1.pdf>
Package pdftex.def Info: fig/rub_logo_1.pdf used on input line 520.
(pdftex.def)             Requested size: 45.51839pt x 45.52457pt.

[8

]
File: fig/rub_logo_1.pdf Graphic file (type pdf)
 <use fig/rub_logo_1.pdf>
Package pdftex.def Info: fig/rub_logo_1.pdf used on input line 542.
(pdftex.def)             Requested size: 45.51839pt x 45.52457pt.
 [9 <./fig/ue3_plot_example-eps-converted-to.pdf>]
(./fig/ue3_bild1020.pdf_t
<fig/ue3_bild1020.pdf, id=81, 170.6375pt x 186.6975pt>
File: fig/ue3_bild1020.pdf Graphic file (type pdf)

<use fig/ue3_bild1020.pdf>
Package pdftex.def Info: fig/ue3_bild1020.pdf used on input line 2.
(pdftex.def)             Requested size: 170.63707pt x 186.69704pt.
)) (./tex/ue4.tex
File: fig/rub_logo_1.pdf Graphic file (type pdf)
 <use fig/rub_logo_1.pdf>
Package pdftex.def Info: fig/rub_logo_1.pdf used on input line 1.
(pdftex.def)             Requested size: 45.51839pt x 45.52457pt.
 [10

 <./fig/ue3_bild1020.pdf>] (./fig/ue4_fachwerk1.pdf_tex
<fig/ue4_fachwerk1.pdf, id=93, page=1, 181.80594pt x 125.8387pt>
File: fig/ue4_fachwerk1.pdf Graphic file (type pdf)

<use fig/ue4_fachwerk1.pdf, page 1>
Package pdftex.def Info: fig/ue4_fachwerk1.pdf, page1 used on input line 52.
(pdftex.def)             Requested size: 181.80592pt x 125.84413pt.
) (./fig/ue4_fachwerk1_diskret.pdf_tex
<fig/ue4_fachwerk1_diskret.pdf, id=94, page=1, 129.47435pt x 97.26807pt>
File: fig/ue4_fachwerk1_diskret.pdf Graphic file (type pdf)

<use fig/ue4_fachwerk1_diskret.pdf, page 1>
Package pdftex.def Info: fig/ue4_fachwerk1_diskret.pdf, page1 used on input lin
e 52.
(pdftex.def)             Requested size: 129.47433pt x 97.27078pt.
) (./fig/ue4_fachwerk2.pdf_tex
<fig/ue4_fachwerk2.pdf, id=95, page=1, 192.2148pt x 84.2927pt>
File: fig/ue4_fachwerk2.pdf Graphic file (type pdf)

<use fig/ue4_fachwerk2.pdf, page 1>
Package pdftex.def Info: fig/ue4_fachwerk2.pdf, page1 used on input line 52.
(pdftex.def)             Requested size: 192.2148pt x 84.29633pt.
) (./fig/ue4_fachwerk2_diskret.pdf_tex
<fig/ue4_fachwerk2_diskret.pdf, id=96, page=1, 139.41617pt x 88.91113pt>
File: fig/ue4_fachwerk2_diskret.pdf Graphic file (type pdf)

<use fig/ue4_fachwerk2_diskret.pdf, page 1>
Package pdftex.def Info: fig/ue4_fachwerk2_diskret.pdf, page1 used on input lin
e 52.
(pdftex.def)             Requested size: 139.41615pt x 88.91632pt.
)) (./tex/ue5.tex
File: fig/rub_logo_1.pdf Graphic file (type pdf)

<use fig/rub_logo_1.pdf>
Package pdftex.def Info: fig/rub_logo_1.pdf used on input line 1.
(pdftex.def)             Requested size: 45.51839pt x 45.52457pt.
 [1

 <./fig/ue4_fachwerk1.pdf> <./fig/ue4_fachwerk1_diskret.pdf

pdfTeX warning: /usr/bin/pdflatex (file ./fig/ue4_fachwerk1_diskret.pdf): PDF i
nclusion: multiple pdfs with page group included in a single page
> <./fig/ue4_fachwerk2.pdf

pdfTeX warning: /usr/bin/pdflatex (file ./fig/ue4_fachwerk2.pdf): PDF inclusion
: multiple pdfs with page group included in a single page
> <./fig/ue4_fachwerk2_diskret.pdf

pdfTeX warning: /usr/bin/pdflatex (file ./fig/ue4_fachwerk2_diskret.pdf): PDF i
nclusion: multiple pdfs with page group included in a single page
>] (./fig/ue5_fachwerk1.pdf_tex
<fig/ue5_fachwerk1.pdf, id=107, page=1, 181.80594pt x 125.8387pt>
File: fig/ue5_fachwerk1.pdf Graphic file (type pdf)

<use fig/ue5_fachwerk1.pdf, page 1>
Package pdftex.def Info: fig/ue5_fachwerk1.pdf, page1 used on input line 52.
(pdftex.def)             Requested size: 181.80592pt x 125.84413pt.
) (./fig/ue4_fachwerk1_diskret.pdf_tex
File: fig/ue4_fachwerk1_diskret.pdf Graphic file (type pdf)

<use fig/ue4_fachwerk1_diskret.pdf, page 1>
Package pdftex.def Info: fig/ue4_fachwerk1_diskret.pdf, page1 used on input lin
e 52.
(pdftex.def)             Requested size: 129.47433pt x 97.27078pt.
) (./fig/ue5_ten083.pdf_t
<fig/ue5_ten083.pdf, id=108, 268.00125pt x 102.3825pt>
File: fig/ue5_ten083.pdf Graphic file (type pdf)

<use fig/ue5_ten083.pdf>
Package pdftex.def Info: fig/ue5_ten083.pdf used on input line 2.
(pdftex.def)             Requested size: 268.00058pt x 102.38225pt.
)
File: fig/rub_logo_1.pdf Graphic file (type pdf)
 <use fig/rub_logo_1.pdf>
Package pdftex.def Info: fig/rub_logo_1.pdf used on input line 89.
(pdftex.def)             Requested size: 45.51839pt x 45.52457pt.
 [1

 <./fig/ue5_fachwerk1.pdf> <./fig/ue5_ten083.pdf>]
File: fig/rub_logo_1.pdf Graphic file (type pdf)
 <use fig/rub_logo_1.pdf>
Package pdftex.def Info: fig/rub_logo_1.pdf used on input line 135.
(pdftex.def)             Requested size: 45.51839pt x 45.52457pt.
 [2] (./fig/ue5_ten086.pdf_t
<fig/ue5_ten086.pdf, id=125, 213.79875pt x 150.5625pt>
File: fig/ue5_ten086.pdf Graphic file (type pdf)

<use fig/ue5_ten086.pdf>
Package pdftex.def Info: fig/ue5_ten086.pdf used on input line 2.
(pdftex.def)             Requested size: 213.79822pt x 150.56212pt.
) (./fig/ue5_ten087.pdf_t
<fig/ue5_ten087.pdf, id=126, 186.6975pt x 133.49875pt>
File: fig/ue5_ten087.pdf Graphic file (type pdf)

<use fig/ue5_ten087.pdf>
Package pdftex.def Info: fig/ue5_ten087.pdf used on input line 2.
(pdftex.def)             Requested size: 186.69704pt x 133.4984pt.
)
Overfull \hbox (24.62547pt too wide) in paragraph at lines 167--172
\OT1/cmr/m/n/12 glo-ba-le Kno-ten-num-mer zu wel-chem ele-ment geh[]ort. Sie ha
t die Di-men-si-on $[]$,
 []

File: fig/rub_logo_1.pdf Graphic file (type pdf)
<use fig/rub_logo_1.pdf>
Package pdftex.def Info: fig/rub_logo_1.pdf used on input line 212.
(pdftex.def)             Requested size: 45.51839pt x 45.52457pt.
 [3

 <./fig/ue5_ten086.pdf> <./fig/ue5_ten087.pdf>]
File: fig/rub_logo_1.pdf Graphic file (type pdf)

<use fig/rub_logo_1.pdf>
Package pdftex.def Info: fig/rub_logo_1.pdf used on input line 290.
(pdftex.def)             Requested size: 45.51839pt x 45.52457pt.
 [4]
Overfull \hbox (18.59341pt too wide) in paragraph at lines 300--304
\OT1/cmr/m/n/12 Ele-ment zun[]achst die lo-ka-le Stei-fig-keits-ma-trix $[][]$ 
(mit-hil-fe von $\OT1/cmtt/m/n/12 PlaneTrussElementStiffness\OML/cmm/m/it/12 :\
OT1/cmtt/m/n/12 m$\OT1/cmr/m/n/12 )
 []

(./fig/ue5_ten078.pdf_t
<fig/ue5_ten078.pdf, id=137, 382.42876pt x 113.42375pt>
File: fig/ue5_ten078.pdf Graphic file (type pdf)

<use fig/ue5_ten078.pdf>
Package pdftex.def Info: fig/ue5_ten078.pdf used on input line 2.
(pdftex.def)             Requested size: 382.42781pt x 113.42346pt.
)
File: fig/rub_logo_1.pdf Graphic file (type pdf)
 <use fig/rub_logo_1.pdf>
Package pdftex.def Info: fig/rub_logo_1.pdf used on input line 349.
(pdftex.def)             Requested size: 45.51839pt x 45.52457pt.
 [5 <./fig/ue5_ten078.pdf>]
Overfull \hbox (9.38443pt too wide) in paragraph at lines 375--375
[]|$[]$|  
 []


Overfull \hbox (9.38443pt too wide) in paragraph at lines 417--417
[]|$[]$|  
 []

File: fig/rub_logo_1.pdf Graphic file (type pdf)
<use fig/rub_logo_1.pdf>
Package pdftex.def Info: fig/rub_logo_1.pdf used on input line 430.
(pdftex.def)             Requested size: 45.51839pt x 45.52457pt.
 [6]
Overfull \hbox (40.08928pt too wide) in paragraph at lines 457--458
[]\OT1/cmr/m/n/12 Lassen Sie das Pro-gramm schlie^^Y-lich das glo-ba-le Glei-ch
ungs-sys-tem l[]osen und die $\OT1/cmtt/m/n/12 connectivity$\OT1/cmr/m/n/12 -
 []

File: fig/rub_logo_1.pdf Graphic file (type pdf)
<use fig/rub_logo_1.pdf>
Package pdftex.def Info: fig/rub_logo_1.pdf used on input line 492.
(pdftex.def)             Requested size: 45.51839pt x 45.52457pt.
 [7]) (./tex/ue6.tex
File: fig/rub_logo_1.pdf Graphic file (type pdf)
 <use fig/rub_logo_1.pdf>
Package pdftex.def Info: fig/rub_logo_1.pdf used on input line 1.
(pdftex.def)             Requested size: 45.51839pt x 45.52457pt.
 [8]
File: fig/rub_logo_1.pdf Graphic file (type pdf)

<use fig/rub_logo_1.pdf>
Package pdftex.def Info: fig/rub_logo_1.pdf used on input line 35.
(pdftex.def)             Requested size: 45.51839pt x 45.52457pt.
 [1

]
Overfull \hbox (2.07584pt too wide) in paragraph at lines 91--93
\OT1/cmr/m/n/12 Dar-stel-lung von Da-ten. Ent-spre-chen-de Skript-da-tei-en wer
-den mit fol-gen-dem Be-fehl aus-gef[]uhrt: 
 []


Underfull \hbox (badness 10000) in paragraph at lines 106--108
[]\OT1/cmr/m/n/12 Eine FEAPpv-kompatible Input-
 []


Underfull \hbox (badness 6332) in paragraph at lines 106--108
\OT1/cmr/m/n/12 soll er-stellt wer-den. Nut-zen sie
 []


Overfull \hbox (24.2615pt too wide) in paragraph at lines 110--119
 [] 
 []

<fig/ue6_cm_problem_description.pdf, id=158, 235.88126pt x 194.7275pt>
File: fig/ue6_cm_problem_description.pdf Graphic file (type pdf)

<use fig/ue6_cm_problem_description.pdf>
Package pdftex.def Info: fig/ue6_cm_problem_description.pdf used on input line 
125.
(pdftex.def)             Requested size: 229.40276pt x 189.38164pt.
File: fig/rub_logo_1.pdf Graphic file (type pdf)
 <use fig/rub_logo_1.pdf>
Package pdftex.def Info: fig/rub_logo_1.pdf used on input line 135.
(pdftex.def)             Requested size: 45.51839pt x 45.52457pt.
 [2

]
Overfull \hbox (25.99564pt too wide) in paragraph at lines 137--139
[]\OT1/cmr/m/it/12 Hinweis: \OT1/cmr/m/n/12 Spei-chern Sie da-zu die je-wei-li-
gen Be-rech-nungs-er-geb-nis-se in der Da-tei [] \OT1/cmtt/m/n/12 u-nelem.dat
 []

) (./tex/ue7.tex
File: fig/rub_logo_1.pdf Graphic file (type pdf)
 <use fig/rub_logo_1.pdf>
Package pdftex.def Info: fig/rub_logo_1.pdf used on input line 1.
(pdftex.def)             Requested size: 45.51839pt x 45.52457pt.
 [3 <./fig/ue6_cm_problem_description.pdf>]
Overfull \hbox (2.0943pt too wide) in paragraph at lines 19--21
\OT1/cmr/m/n/12 ruf wird dem Com-pi-ler []\OT1/cmtt/m/n/12 gfortran \OT1/cmr/m/
n/12 der Be-fehl ge-ge-ben die ausf[]uhrbare Da-tei []\OT1/cmtt/m/n/12 hello_wo
rld
 []

File: fig/rub_logo_1.pdf Graphic file (type pdf)
<use fig/rub_logo_1.pdf>
Package pdftex.def Info: fig/rub_logo_1.pdf used on input line 29.
(pdftex.def)             Requested size: 45.51839pt x 45.52457pt.
 [1

]
Underfull \hbox (badness 10000) in paragraph at lines 32--33

 []

File: fig/rub_logo_1.pdf Graphic file (type pdf)
<use fig/rub_logo_1.pdf>
Package pdftex.def Info: fig/rub_logo_1.pdf used on input line 74.
(pdftex.def)             Requested size: 45.51839pt x 45.52457pt.
 [2

]
Overfull \hbox (1.76794pt too wide) in paragraph at lines 91--93
\OT1/cmr/m/n/12 kann die Da-tei $\OT1/cmtt/m/n/12 t1[]test\OML/cmm/m/it/12 :\OT
1/cmtt/m/n/12 f$ \OT1/cmr/m/n/12 ver-wen-det wer-den. Die-se bein-hal-tet einen
 Pa-ra-me-ter-satz ([]\OT1/cmtt/m/n/12 t1_param\OT1/cmr/m/n/12 )
 []

(./fig/ue7_t1_example.pdf_tex
<fig/ue7_t1_example.pdf, id=178, page=1, 156.60892pt x 73.95227pt>
File: fig/ue7_t1_example.pdf Graphic file (type pdf)

<use fig/ue7_t1_example.pdf, page 1>
Package pdftex.def Info: fig/ue7_t1_example.pdf, page1 used on input line 52.
(pdftex.def)             Requested size: 156.60892pt x 73.95883pt.
)
File: fig/rub_logo_1.pdf Graphic file (type pdf)
 <use fig/rub_logo_1.pdf>
Package pdftex.def Info: fig/rub_logo_1.pdf used on input line 156.
(pdftex.def)             Requested size: 45.51839pt x 45.52457pt.
 [3

 <./fig/ue7_t1_example.pdf>]
File: fig/rub_logo_1.pdf Graphic file (type pdf)
 <use fig/rub_logo_1.pdf>
Package pdftex.def Info: fig/rub_logo_1.pdf used on input line 194.
(pdftex.def)             Requested size: 45.51839pt x 45.52457pt.
 [4]
Overfull \hbox (34.0959pt too wide) in paragraph at lines 199--200
[]\OT1/cmr/m/n/12 Ersetzen Sie die nun ver-vollst[]andigte Da-tei []\OT1/cmtt/m
/n/12 elmt03.f \OT1/cmr/m/n/12 in dem Da-teipfad []\OT1/cmtt/m/n/12 $FEAPPVHOME
4_1/user
 []

) (./tex/ue8.tex
File: fig/rub_logo_1.pdf Graphic file (type pdf)
 <use fig/rub_logo_1.pdf>
Package pdftex.def Info: fig/rub_logo_1.pdf used on input line 1.
(pdftex.def)             Requested size: 45.51839pt x 45.52457pt.
 [5

] (./fig/ue8_q1.pdf_tex
<fig/ue8_q1.pdf, id=191, page=1, 211.38524pt x 143.61165pt>
File: fig/ue8_q1.pdf Graphic file (type pdf)

<use fig/ue8_q1.pdf, page 1>
Package pdftex.def Info: fig/ue8_q1.pdf, page1 used on input line 52.
(pdftex.def)             Requested size: 211.38522pt x 143.61786pt.
)
Overfull \hbox (41.4537pt too wide) in paragraph at lines 63--21
[][] 
 []

(./fig/ue8_q2.pdf_tex
<fig/ue8_q2.pdf, id=192, page=1, 211.38524pt x 144.41466pt>
File: fig/ue8_q2.pdf Graphic file (type pdf)

<use fig/ue8_q2.pdf, page 1>
Package pdftex.def Info: fig/ue8_q2.pdf, page1 used on input line 52.
(pdftex.def)             Requested size: 211.38522pt x 144.4209pt.
)
Overfull \hbox (41.4537pt too wide) in paragraph at lines 68--24
[][] 
 []

File: fig/rub_logo_1.pdf Graphic file (type pdf)
<use fig/rub_logo_1.pdf>
Package pdftex.def Info: fig/rub_logo_1.pdf used on input line 35.
(pdftex.def)             Requested size: 45.51839pt x 45.52457pt.
 [1

 <./fig/ue8_q1.pdf> <./fig/ue8_q2.pdf

pdfTeX warning: /usr/bin/pdflatex (file ./fig/ue8_q2.pdf): PDF inclusion: multi
ple pdfs with page group included in a single page
>] (./fig/ue8_p1.pdf_tex
<fig/ue8_p1.pdf, id=200, page=1, 173.24274pt x 144.0153pt>
File: fig/ue8_p1.pdf Graphic file (type pdf)

<use fig/ue8_p1.pdf, page 1>
Package pdftex.def Info: fig/ue8_p1.pdf, page1 used on input line 52.
(pdftex.def)             Requested size: 173.24274pt x 144.02153pt.
)
Overfull \hbox (3.31122pt too wide) in paragraph at lines 60--41
[][] 
 []

(./fig/ue8_p2.pdf_tex
<fig/ue8_p2.pdf, id=201, page=1, 173.24274pt x 144.0153pt>
File: fig/ue8_p2.pdf Graphic file (type pdf)

<use fig/ue8_p2.pdf, page 1>
Package pdftex.def Info: fig/ue8_p2.pdf, page1 used on input line 52.
(pdftex.def)             Requested size: 173.24274pt x 144.02153pt.
)
Overfull \hbox (3.31122pt too wide) in paragraph at lines 63--44
[][] 
 []

) (./tex/ue9.tex
File: fig/rub_logo_1.pdf Graphic file (type pdf)
 <use fig/rub_logo_1.pdf>
Package pdftex.def Info: fig/rub_logo_1.pdf used on input line 1.
(pdftex.def)             Requested size: 45.51839pt x 45.52457pt.
 [2

 <./fig/ue8_p1.pdf> <./fig/ue8_p2.pdf

pdfTeX warning: /usr/bin/pdflatex (file ./fig/ue8_p2.pdf): PDF inclusion: multi
ple pdfs with page group included in a single page
>] (./fig/ue8_p2.pdf_tex
File: fig/ue8_p2.pdf Graphic file (type pdf)
 <use fig/ue8_p2.pdf, page 1>
Package pdftex.def Info: fig/ue8_p2.pdf, page1 used on input line 52.
(pdftex.def)             Requested size: 173.24274pt x 144.02153pt.
)
Overfull \hbox (3.31122pt too wide) in paragraph at lines 63--13
[][] 
 []

(./fig/ue9_t2_example.pdf_tex
<fig/ue9_t2_example.pdf, id=208, page=1, 204.22334pt x 96.43626pt>
File: fig/ue9_t2_example.pdf Graphic file (type pdf)

<use fig/ue9_t2_example.pdf, page 1>
Package pdftex.def Info: fig/ue9_t2_example.pdf, page1 used on input line 52.
(pdftex.def)             Requested size: 204.22334pt x 96.43748pt.
)
Overfull \hbox (34.29182pt too wide) in paragraph at lines 62--16
 [] 
 []

File: fig/rub_logo_1.pdf Graphic file (type pdf)
<use fig/rub_logo_1.pdf>
Package pdftex.def Info: fig/rub_logo_1.pdf used on input line 71.
(pdftex.def)             Requested size: 45.51839pt x 45.52457pt.
 [1

 <./fig/ue9_t2_example.pdf>]
File: fig/rub_logo_1.pdf Graphic file (type pdf)

<use fig/rub_logo_1.pdf>
Package pdftex.def Info: fig/rub_logo_1.pdf used on input line 143.
(pdftex.def)             Requested size: 45.51839pt x 45.52457pt.
 [2]
Overfull \hbox (12.22807pt too wide) in paragraph at lines 147--149
[]\OT1/cmr/m/n/12 Ersetzen Sie die ver-vollst[]andigte Da-tei []\OT1/cmtt/m/n/1
2 elmt04.f \OT1/cmr/m/n/12 in dem Da-teipfad []\OT1/cmtt/m/n/12 $FEAPPVHOME4_1/
user
 []

) (./tex/ue10.tex
File: fig/rub_logo_1.pdf Graphic file (type pdf)
 <use fig/rub_logo_1.pdf>
Package pdftex.def Info: fig/rub_logo_1.pdf used on input line 1.
(pdftex.def)             Requested size: 45.51839pt x 45.52457pt.
 [3

] (./fig/ue10_q1.pdf_tex
<fig/ue10_q1.pdf, id=220, page=1, 211.38524pt x 143.61165pt>
File: fig/ue10_q1.pdf Graphic file (type pdf)

<use fig/ue10_q1.pdf, page 1>
Package pdftex.def Info: fig/ue10_q1.pdf, page1 used on input line 52.
(pdftex.def)             Requested size: 211.38522pt x 143.61786pt.

<fig/ue10_q1.pdf, id=221, page=2, 211.38524pt x 143.61165pt>
File: fig/ue10_q1.pdf Graphic file (type pdf)

<use fig/ue10_q1.pdf, page 2>
Package pdftex.def Info: fig/ue10_q1.pdf, page2 used on input line 63.
(pdftex.def)             Requested size: 211.38522pt x 143.61786pt.
)
File: fig/rub_logo_1.pdf Graphic file (type pdf)
 <use fig/rub_logo_1.pdf>
Package pdftex.def Info: fig/rub_logo_1.pdf used on input line 53.
(pdftex.def)             Requested size: 45.51839pt x 45.52457pt.
 [1

 <./fig/ue10_q1.pdf> <./fig/ue10_q1.pdf

pdfTeX warning: /usr/bin/pdflatex (file ./fig/ue10_q1.pdf): PDF inclusion: mult
iple pdfs with page group included in a single page
>]
Overfull \hbox (8.56517pt too wide) in paragraph at lines 108--111
\OT1/cmr/m/n/12 im-ple-men-tier-ten Ele-men-te einen ebe-nen Ver-zer-rungs-zu-s
tand be-schrei-ben ist zu ber[]ucksichtigen,
 []

File: fig/rub_logo_1.pdf Graphic file (type pdf)
<use fig/rub_logo_1.pdf>
Package pdftex.def Info: fig/rub_logo_1.pdf used on input line 120.
(pdftex.def)             Requested size: 45.51839pt x 45.52457pt.
 [2]
Overfull \hbox (12.22807pt too wide) in paragraph at lines 124--126
[]\OT1/cmr/m/n/12 Ersetzen Sie die ver-vollst[]andigte Da-tei []\OT1/cmtt/m/n/1
2 elmt04.f \OT1/cmr/m/n/12 in dem Da-teipfad []\OT1/cmtt/m/n/12 $FEAPPVHOME4_1/
user
 []

) (./tex/ue11.tex
File: fig/rub_logo_1.pdf Graphic file (type pdf)
 <use fig/rub_logo_1.pdf>
Package pdftex.def Info: fig/rub_logo_1.pdf used on input line 1.
(pdftex.def)             Requested size: 45.51839pt x 45.52457pt.
 [3

]
File: fig/rub_logo_1.pdf Graphic file (type pdf)
 <use fig/rub_logo_1.pdf>
Package pdftex.def Info: fig/rub_logo_1.pdf used on input line 56.
(pdftex.def)             Requested size: 45.51839pt x 45.52457pt.

[1

]) (./tex/kv.tex (./fig/kv_assem.pdf_tex
<fig/kv_assem.pdf, id=237, page=1, 238.86789pt x 109.54657pt>
File: fig/kv_assem.pdf Graphic file (type pdf)

<use fig/kv_assem.pdf, page 1>
Package pdftex.def Info: fig/kv_assem.pdf, page1 used on input line 52.
(pdftex.def)             Requested size: 238.86787pt x 109.54964pt.
)
Overfull \hbox (7.94427pt too wide) in paragraph at lines 40--41
[]\OT1/cmr/m/n/12 Erstellen Sie ei-ne Skiz-ze, in der al-le glo-ba-len Kno-ten-
frei-heits-gra-de (oh-ne Ber[]ucksichtigung
 []


Overfull \hbox (35.47624pt too wide) in paragraph at lines 43--45
[]\OT1/cmr/m/n/12 Wie lau-ten die Ein-tr[]age der Ele-ment-stei-fig-keits-ma-tr
ix $[][]$ und $[][]$, wel-che nach Ber[]ucksichtigung
 []

File: fig/rub_logo_1.pdf Graphic file (type pdf)
<use fig/rub_logo_1.pdf>
Package pdftex.def Info: fig/rub_logo_1.pdf used on input line 52.
(pdftex.def)             Requested size: 45.51839pt x 45.52457pt.
 [1


 <./fig/kv_assem.pdf>]
File: fig/rub_logo_1.pdf Graphic file (type pdf)
 <use fig/rub_logo_1.pdf>
Package pdftex.def Info: fig/rub_logo_1.pdf used on input line 114.
(pdftex.def)             Requested size: 45.51839pt x 45.52457pt.

[2

]
Overfull \hbox (21.38588pt too wide) in paragraph at lines 119--120
[]\OT1/cmr/m/n/12 An wel-chen Punk-ten wer-den Ver-zer-run-gen und Span-nun-gen
 im Post-pro-ces-sing []ublicherweise
 []

)
File: fig/rub_logo_1.pdf Graphic file (type pdf)
 <use fig/rub_logo_1.pdf>
Package pdftex.def Info: fig/rub_logo_1.pdf used on input line 62.
(pdftex.def)             Requested size: 45.51839pt x 45.52457pt.
 [3] (./skript.aux) ) 
Here is how much of TeX's memory you used:
 17157 strings out of 493014
 314626 string characters out of 6141593
 367404 words of memory out of 5000000
 20379 multiletter control sequences out of 15000+600000
 17584 words of font info for 68 fonts, out of 8000000 for 9000
 1141 hyphenation exceptions out of 8191
 48i,20n,47p,10415b,527s stack positions out of 5000i,500n,10000p,200000b,80000s
</usr/share/texmf/fonts/type1/public/amsfonts/cm/cmbx10.pf
b></usr/share/texmf/fonts/type1/public/amsfonts/cm/cmbx12.pfb></usr/share/texmf
/fonts/type1/public/amsfonts/cm/cmcsc10.pfb></usr/share/texmf/fonts/type1/publi
c/amsfonts/cm/cmex10.pfb></usr/share/texmf/fonts/type1/public/amsfonts/cm/cmmi1
0.pfb></usr/share/texmf/fonts/type1/public/amsfonts/cm/cmmi12.pfb></usr/share/t
exmf/fonts/type1/public/amsfonts/cm/cmmi6.pfb></usr/share/texmf/fonts/type1/pub
lic/amsfonts/cm/cmmi8.pfb></usr/share/texmf/fonts/type1/public/amsfonts/cm/cmmi
b10.pfb></usr/share/texmf/fonts/type1/public/amsfonts/cm/cmr10.pfb></usr/share/
texmf/fonts/type1/public/amsfonts/cm/cmr12.pfb></usr/share/texmf/fonts/type1/pu
blic/amsfonts/cm/cmr6.pfb></usr/share/texmf/fonts/type1/public/amsfonts/cm/cmr8
.pfb></usr/share/texmf/fonts/type1/public/amsfonts/cm/cmsl12.pfb></usr/share/te
xmf/fonts/type1/public/amsfonts/cm/cmssbx10.pfb></usr/share/texmf/fonts/type1/p
ublic/amsfonts/cm/cmsy10.pfb></usr/share/texmf/fonts/type1/public/amsfonts/cm/c
msy8.pfb></usr/share/texmf/fonts/type1/public/amsfonts/cm/cmti12.pfb></usr/shar
e/texmf/fonts/type1/public/amsfonts/cm/cmtt10.pfb></usr/share/texmf/fonts/type1
/public/amsfonts/cm/cmtt12.pfb></usr/share/texmf/fonts/type1/public/amsfonts/cm
/cmtt8.pfb></usr/share/texmf/fonts/type1/public/esint-type1/esint10.pfb></usr/s
hare/texmf/fonts/type1/public/amsfonts/latxfont/lcircle1.pfb></usr/share/texmf/
fonts/type1/public/amsfonts/latxfont/line10.pfb></usr/share/texmf/fonts/type1/p
ublic/amsfonts/symbols/msam10.pfb></usr/share/texmf/fonts/type1/public/amsfonts
/symbols/msbm10.pfb>
Output written on skript.pdf (42 pages, 535961 bytes).
PDF statistics:
 333 PDF objects out of 1000 (max. 8388607)
 226 compressed objects within 3 object streams
 0 named destinations out of 1000 (max. 500000)
 126 words of extra memory for PDF output out of 10000 (max. 10000000)

